#
# There is insufficient memory for the Java Runtime Environment to continue.
# Native memory allocation (malloc) failed to allocate 2147483648 bytes for committing reserved memory.
# Possible reasons:
#   The system is out of physical RAM or swap space
#   In 32 bit mode, the process size limit was hit
# Possible solutions:
#   Reduce memory load on the system
#   Increase physical memory or swap space
#   Check if swap backing store is full
#   Use 64 bit Java on a 64 bit OS
#   Decrease Java heap size (-Xmx/-Xms)
#   Decrease number of Java threads
#   Decrease Java thread stack sizes (-Xss)
#   Set larger code cache with -XX:ReservedCodeCacheSize=
# This output file may be truncated or incomplete.
#
#  Out of Memory Error (os_linux.cpp:2745), pid=15859, tid=140401634977536
#
# JRE version:  (7.0_71-b14) (build )
# Java VM: Java HotSpot(TM) 64-Bit Server VM (24.71-b01 mixed mode linux-amd64 compressed oops)
# Failed to write core dump. Core dumps have been disabled. To enable core dumping, try "ulimit -c unlimited" before starting Java again
#

---------------  T H R E A D  ---------------

Current thread (0x00007fb1c4008090):  JavaThread "Unknown thread" [_thread_in_vm, id=15860, stack(0x00007fb1cd842000,0x00007fb1cd943000)]

Stack: [0x00007fb1cd842000,0x00007fb1cd943000],  sp=0x00007fb1cd941440,  free space=1021k
Native frames: (J=compiled Java code, j=interpreted, Vv=VM code, C=native code)
V  [libjvm.so+0x9a0a1a]  VMError::report_and_die()+0x2ea
V  [libjvm.so+0x4974bb]  report_vm_out_of_memory(char const*, int, unsigned long, char const*)+0x9b
V  [libjvm.so+0x81e4de]  os::Linux::commit_memory_impl(char*, unsigned long, bool)+0xfe
V  [libjvm.so+0x81ea29]  os::pd_commit_memory(char*, unsigned long, unsigned long, bool)+0x29
V  [libjvm.so+0x8187da]  os::commit_memory(char*, unsigned long, unsigned long, bool)+0x2a
V  [libjvm.so+0x99c229]  VirtualSpace::expand_by(unsigned long, bool)+0x1c9
V  [libjvm.so+0x52ba63]  G1CollectedHeap::expand(unsigned long)+0x83
V  [libjvm.so+0x532085]  G1CollectedHeap::initialize()+0x6c5
V  [libjvm.so+0x97295a]  Universe::initialize_heap()+0xca
V  [libjvm.so+0x973b29]  universe_init()+0x79
V  [libjvm.so+0x5b0f15]  init_globals()+0x65
V  [libjvm.so+0x95b47d]  Threads::create_vm(JavaVMInitArgs*, bool*)+0x1ed
V  [libjvm.so+0x6391c4]  JNI_CreateJavaVM+0x74
C  [libjli.so+0x2f8e]  JavaMain+0x9e


---------------  P R O C E S S  ---------------

Java Threads: ( => current thread )

Other Threads:

=>0x00007fb1c4008090 (exited) JavaThread "Unknown thread" [_thread_in_vm, id=15860, stack(0x00007fb1cd842000,0x00007fb1cd943000)]

VM state:not at safepoint (not fully initialized)

VM Mutex/Monitor currently owned by a thread:  ([mutex/lock_event])
[0x00007fb1c4007480] Heap_lock - owner thread: 0x00007fb1c4008090

GC Heap History (0 events):
No events

Deoptimization events (0 events):
No events

Internal exceptions (0 events):
No events

Events (0 events):
No events


Dynamic libraries:
00400000-00401000 r-xp 00000000 fd:00 1057869                            /usr/java/jdk1.7.0_71/bin/java
00600000-00601000 rw-p 00000000 fd:00 1057869                            /usr/java/jdk1.7.0_71/bin/java
00c12000-00c33000 rw-p 00000000 00:00 0                                  [heap]
7fb000000-7fc000000 rw-p 00000000 00:00 0 
7fc000000-800000000 rw-p 00000000 00:00 0 
7fb194000000-7fb194021000 rw-p 00000000 00:00 0 
7fb194021000-7fb198000000 ---p 00000000 00:00 0 
7fb19c000000-7fb19c021000 rw-p 00000000 00:00 0 
7fb19c021000-7fb1a0000000 ---p 00000000 00:00 0 
7fb1a1ebe000-7fb1ac000000 rw-p 00000000 00:00 0 
7fb1ac000000-7fb1ac021000 rw-p 00000000 00:00 0 
7fb1ac021000-7fb1b0000000 ---p 00000000 00:00 0 
7fb1b0000000-7fb1b0021000 rw-p 00000000 00:00 0 
7fb1b0021000-7fb1b4000000 ---p 00000000 00:00 0 
7fb1b4000000-7fb1b4021000 rw-p 00000000 00:00 0 
7fb1b4021000-7fb1b8000000 ---p 00000000 00:00 0 
7fb1b8000000-7fb1b8021000 rw-p 00000000 00:00 0 
7fb1b8021000-7fb1bc000000 ---p 00000000 00:00 0 
7fb1bc000000-7fb1bc021000 rw-p 00000000 00:00 0 
7fb1bc021000-7fb1c0000000 ---p 00000000 00:00 0 
7fb1c048a000-7fb1c06d1000 rw-p 00000000 00:00 0 
7fb1c06d1000-7fb1c06d2000 ---p 00000000 00:00 0 
7fb1c06d2000-7fb1c0ae0000 rw-p 00000000 00:00 0                          [stack:15867]
7fb1c0ae0000-7fb1c0ae1000 ---p 00000000 00:00 0 
7fb1c0ae1000-7fb1c31a9000 rw-p 00000000 00:00 0                          [stack:15866]
7fb1c31a9000-7fb1c39d1000 rw-p 00000000 00:00 0 
7fb1c39d1000-7fb1c39d9000 rw-p 00000000 00:00 0 
7fb1c39d9000-7fb1c39f9000 rw-p 00000000 00:00 0 
7fb1c39f9000-7fb1c39fa000 rw-p 00000000 00:00 0 
7fb1c39fa000-7fb1c39fb000 ---p 00000000 00:00 0 
7fb1c39fb000-7fb1c3afb000 rw-p 00000000 00:00 0                          [stack:15865]
7fb1c3afb000-7fb1c3afc000 ---p 00000000 00:00 0 
7fb1c3afc000-7fb1c3bfc000 rw-p 00000000 00:00 0                          [stack:15864]
7fb1c3bfc000-7fb1c3bfd000 ---p 00000000 00:00 0 
7fb1c3bfd000-7fb1c3eff000 rw-p 00000000 00:00 0                          [stack:15863]
7fb1c3eff000-7fb1c3f00000 ---p 00000000 00:00 0 
7fb1c3f00000-7fb1c4000000 rw-p 00000000 00:00 0                          [stack:15862]
7fb1c4000000-7fb1c4037000 rw-p 00000000 00:00 0 
7fb1c4037000-7fb1c8000000 ---p 00000000 00:00 0 
7fb1c8034000-7fb1c803d000 rw-p 00000000 00:00 0 
7fb1c803d000-7fb1c805d000 rw-p 00000000 00:00 0 
7fb1c805d000-7fb1c805e000 ---p 00000000 00:00 0 
7fb1c805e000-7fb1c815e000 rw-p 00000000 00:00 0                          [stack:15861]
7fb1c815e000-7fb1c83ce000 rwxp 00000000 00:00 0 
7fb1c83ce000-7fb1cb15e000 rw-p 00000000 00:00 0 
7fb1cb15e000-7fb1cb178000 r-xp 00000000 fd:00 1062807                    /usr/java/jdk1.7.0_71/jre/lib/amd64/libzip.so
7fb1cb178000-7fb1cb378000 ---p 0001a000 fd:00 1062807                    /usr/java/jdk1.7.0_71/jre/lib/amd64/libzip.so
7fb1cb378000-7fb1cb379000 rw-p 0001a000 fd:00 1062807                    /usr/java/jdk1.7.0_71/jre/lib/amd64/libzip.so
7fb1cb379000-7fb1cb384000 r-xp 00000000 fd:00 919860                     /usr/lib64/libnss_files-2.17.so
7fb1cb384000-7fb1cb583000 ---p 0000b000 fd:00 919860                     /usr/lib64/libnss_files-2.17.so
7fb1cb583000-7fb1cb584000 r--p 0000a000 fd:00 919860                     /usr/lib64/libnss_files-2.17.so
7fb1cb584000-7fb1cb585000 rw-p 0000b000 fd:00 919860                     /usr/lib64/libnss_files-2.17.so
7fb1cb585000-7fb1cb58b000 rw-p 00000000 00:00 0 
7fb1cb58b000-7fb1cb5b4000 r-xp 00000000 fd:00 1062777                    /usr/java/jdk1.7.0_71/jre/lib/amd64/libjava.so
7fb1cb5b4000-7fb1cb7b4000 ---p 00029000 fd:00 1062777                    /usr/java/jdk1.7.0_71/jre/lib/amd64/libjava.so
7fb1cb7b4000-7fb1cb7b6000 rw-p 00029000 fd:00 1062777                    /usr/java/jdk1.7.0_71/jre/lib/amd64/libjava.so
7fb1cb7b6000-7fb1cb7c3000 r-xp 00000000 fd:00 1062806                    /usr/java/jdk1.7.0_71/jre/lib/amd64/libverify.so
7fb1cb7c3000-7fb1cb9c2000 ---p 0000d000 fd:00 1062806                    /usr/java/jdk1.7.0_71/jre/lib/amd64/libverify.so
7fb1cb9c2000-7fb1cb9c4000 rw-p 0000c000 fd:00 1062806                    /usr/java/jdk1.7.0_71/jre/lib/amd64/libverify.so
7fb1cb9c4000-7fb1cb9cb000 r-xp 00000000 fd:00 919872                     /usr/lib64/librt-2.17.so
7fb1cb9cb000-7fb1cbbca000 ---p 00007000 fd:00 919872                     /usr/lib64/librt-2.17.so
7fb1cbbca000-7fb1cbbcb000 r--p 00006000 fd:00 919872                     /usr/lib64/librt-2.17.so
7fb1cbbcb000-7fb1cbbcc000 rw-p 00007000 fd:00 919872                     /usr/lib64/librt-2.17.so
7fb1cbbcc000-7fb1cbccd000 r-xp 00000000 fd:00 919850                     /usr/lib64/libm-2.17.so
7fb1cbccd000-7fb1cbecc000 ---p 00101000 fd:00 919850                     /usr/lib64/libm-2.17.so
7fb1cbecc000-7fb1cbecd000 r--p 00100000 fd:00 919850                     /usr/lib64/libm-2.17.so
7fb1cbecd000-7fb1cbece000 rw-p 00101000 fd:00 919850                     /usr/lib64/libm-2.17.so
7fb1cbece000-7fb1cca40000 r-xp 00000000 fd:00 1062811                    /usr/java/jdk1.7.0_71/jre/lib/amd64/server/libjvm.so
7fb1cca40000-7fb1ccc3f000 ---p 00b72000 fd:00 1062811                    /usr/java/jdk1.7.0_71/jre/lib/amd64/server/libjvm.so
7fb1ccc3f000-7fb1ccd04000 rw-p 00b71000 fd:00 1062811                    /usr/java/jdk1.7.0_71/jre/lib/amd64/server/libjvm.so
7fb1ccd04000-7fb1ccd44000 rw-p 00000000 00:00 0 
7fb1ccd44000-7fb1ccefa000 r-xp 00000000 fd:00 919842                     /usr/lib64/libc-2.17.so
7fb1ccefa000-7fb1cd0fa000 ---p 001b6000 fd:00 919842                     /usr/lib64/libc-2.17.so
7fb1cd0fa000-7fb1cd0fe000 r--p 001b6000 fd:00 919842                     /usr/lib64/libc-2.17.so
7fb1cd0fe000-7fb1cd100000 rw-p 001ba000 fd:00 919842                     /usr/lib64/libc-2.17.so
7fb1cd100000-7fb1cd105000 rw-p 00000000 00:00 0 
7fb1cd105000-7fb1cd108000 r-xp 00000000 fd:00 919848                     /usr/lib64/libdl-2.17.so
7fb1cd108000-7fb1cd307000 ---p 00003000 fd:00 919848                     /usr/lib64/libdl-2.17.so
7fb1cd307000-7fb1cd308000 r--p 00002000 fd:00 919848                     /usr/lib64/libdl-2.17.so
7fb1cd308000-7fb1cd309000 rw-p 00003000 fd:00 919848                     /usr/lib64/libdl-2.17.so
7fb1cd309000-7fb1cd31f000 r-xp 00000000 fd:00 1192876                    /usr/java/jdk1.7.0_71/lib/amd64/jli/libjli.so
7fb1cd31f000-7fb1cd51f000 ---p 00016000 fd:00 1192876                    /usr/java/jdk1.7.0_71/lib/amd64/jli/libjli.so
7fb1cd51f000-7fb1cd520000 rw-p 00016000 fd:00 1192876                    /usr/java/jdk1.7.0_71/lib/amd64/jli/libjli.so
7fb1cd520000-7fb1cd536000 r-xp 00000000 fd:00 919868                     /usr/lib64/libpthread-2.17.so
7fb1cd536000-7fb1cd736000 ---p 00016000 fd:00 919868                     /usr/lib64/libpthread-2.17.so
7fb1cd736000-7fb1cd737000 r--p 00016000 fd:00 919868                     /usr/lib64/libpthread-2.17.so
7fb1cd737000-7fb1cd738000 rw-p 00017000 fd:00 919868                     /usr/lib64/libpthread-2.17.so
7fb1cd738000-7fb1cd73c000 rw-p 00000000 00:00 0 
7fb1cd73c000-7fb1cd75d000 r-xp 00000000 fd:00 919835                     /usr/lib64/ld-2.17.so
7fb1cd782000-7fb1cd78c000 rw-p 00000000 00:00 0 
7fb1cd78c000-7fb1cd842000 rw-p 00000000 00:00 0 
7fb1cd842000-7fb1cd845000 ---p 00000000 00:00 0 
7fb1cd845000-7fb1cd947000 rw-p 00000000 00:00 0                          [stack:15860]
7fb1cd94f000-7fb1cd952000 rw-p 00000000 00:00 0 
7fb1cd952000-7fb1cd95a000 rw-s 00000000 fd:00 786622                     /tmp/hsperfdata_cupid/15859
7fb1cd95a000-7fb1cd95b000 rw-p 00000000 00:00 0 
7fb1cd95b000-7fb1cd95c000 r--p 00000000 00:00 0 
7fb1cd95c000-7fb1cd95d000 rw-p 00000000 00:00 0 
7fb1cd95d000-7fb1cd95e000 r--p 00021000 fd:00 919835                     /usr/lib64/ld-2.17.so
7fb1cd95e000-7fb1cd95f000 rw-p 00022000 fd:00 919835                     /usr/lib64/ld-2.17.so
7fb1cd95f000-7fb1cd960000 rw-p 00000000 00:00 0 
7ffef40b8000-7ffef40da000 rw-p 00000000 00:00 0                          [stack]
7ffef414f000-7ffef4151000 r-xp 00000000 00:00 0                          [vdso]
ffffffffff600000-ffffffffff601000 r-xp 00000000 00:00 0                  [vsyscall]

VM Arguments:
jvm_args: -Xms2g -Xmx2g -Xmn1g -XX:+UseG1GC -XX:G1HeapRegionSize=16m -XX:G1ReservePercent=25 -XX:InitiatingHeapOccupancyPercent=30 -XX:SoftRefLRUPolicyMSPerMB=0 -XX:SurvivorRatio=8 -XX:+DisableExplicitGC -verbose:gc -Xloggc:/dev/shm/mq_gc_%p.log -XX:+PrintGCDetails -XX:+PrintGCDateStamps -XX:+PrintGCApplicationStoppedTime -XX:+PrintAdaptiveSizePolicy -XX:+UseGCLogFileRotation -XX:NumberOfGCLogFiles=5 -XX:GCLogFileSize=30m -XX:-OmitStackTraceInFastThrow -XX:+AlwaysPreTouch -XX:MaxDirectMemorySize=15g -XX:-UseLargePages -XX:-UseBiasedLocking -Djava.ext.dirs=/home/cupid/Downloads/incubator-rocketmq/target/apache-rocketmq-all/bin/../lib 
java_command: org.apache.rocketmq.broker.BrokerStartup -n localhost:9876
Launcher Type: SUN_STANDARD

Environment Variables:
CLASSPATH=.:/home/cupid/Downloads/incubator-rocketmq/target/apache-rocketmq-all/bin/../conf:
PATH=/usr/local/bin:/usr/local/sbin:/usr/bin:/usr/sbin:/bin:/sbin:/home/cupid/bin:/usr/local/apache-maven-3.3.9/bin:/usr/java/default/bin:/usr/java/default/jre/bin:/home/cupid/bin:/home/cupid/Downloads/qt-everywhere-opensource-src-4.8.7/bin
USERNAME=cupid
SHELL=/bin/zsh
DISPLAY=:0

Signal Handlers:
SIGSEGV: [libjvm.so+0x9a1330], sa_mask[0]=0x7ffbfeff, sa_flags=0x10000004
SIGBUS: [libjvm.so+0x9a1330], sa_mask[0]=0x7ffbfeff, sa_flags=0x10000004
SIGFPE: [libjvm.so+0x81b390], sa_mask[0]=0x7ffbfeff, sa_flags=0x10000004
SIGPIPE: [libjvm.so+0x81b390], sa_mask[0]=0x7ffbfeff, sa_flags=0x10000004
SIGXFSZ: [libjvm.so+0x81b390], sa_mask[0]=0x7ffbfeff, sa_flags=0x10000004
SIGILL: [libjvm.so+0x81b390], sa_mask[0]=0x7ffbfeff, sa_flags=0x10000004
SIGUSR1: SIG_DFL, sa_mask[0]=0x00000000, sa_flags=0x00000000
SIGUSR2: [libjvm.so+0x81cb90], sa_mask[0]=0x00000000, sa_flags=0x10000004
SIGHUP: SIG_IGN, sa_mask[0]=0x00000000, sa_flags=0x00000000
SIGINT: SIG_DFL, sa_mask[0]=0x00000000, sa_flags=0x00000000
SIGTERM: SIG_DFL, sa_mask[0]=0x00000000, sa_flags=0x00000000
SIGQUIT: SIG_DFL, sa_mask[0]=0x00000000, sa_flags=0x00000000


---------------  S Y S T E M  ---------------

OS:CentOS Linux release 7.2.1511 (Core) 

uname:Linux 3.10.0-327.el7.x86_64 #1 SMP Thu Nov 19 22:10:57 UTC 2015 x86_64
libc:glibc 2.17 NPTL 2.17 
rlimit: STACK 8192k, CORE 0k, NPROC 4096, NOFILE 4096, AS infinity
load average:1.20 0.92 0.65

/proc/meminfo:
MemTotal:        3878648 kB
MemFree:          293924 kB
MemAvailable:     562344 kB
Buffers:           23196 kB
Cached:           449556 kB
SwapCached:        58668 kB
Active:          2164156 kB
Inactive:        1182572 kB
Active(anon):    1953244 kB
Inactive(anon):  1005340 kB
Active(file):     210912 kB
Inactive(file):   177232 kB
Unevictable:          24 kB
Mlocked:              24 kB
SwapTotal:       2064380 kB
SwapFree:         620280 kB
Dirty:              1720 kB
Writeback:             0 kB
AnonPages:       2813984 kB
Mapped:           146300 kB
Shmem:             84564 kB
Slab:             148092 kB
SReclaimable:      98408 kB
SUnreclaim:        49684 kB
KernelStack:       12176 kB
PageTables:        37284 kB
NFS_Unstable:          0 kB
Bounce:                0 kB
WritebackTmp:          0 kB
CommitLimit:     4003704 kB
Committed_AS:    9849944 kB
VmallocTotal:   34359738367 kB
VmallocUsed:       29224 kB
VmallocChunk:   34359646600 kB
HardwareCorrupted:     0 kB
AnonHugePages:   1126400 kB
HugePages_Total:       0
HugePages_Free:        0
HugePages_Rsvd:        0
HugePages_Surp:        0
Hugepagesize:       2048 kB
DirectMap4k:      108468 kB
DirectMap2M:     4085760 kB


CPU:total 2 (2 cores per cpu, 1 threads per core) family 6 model 58 stepping 9, cmov, cx8, fxsr, mmx, sse, sse2, sse3, ssse3, sse4.1, sse4.2, popcnt, avx, aes, erms, tsc, tscinvbit, tscinv

/proc/cpuinfo:
processor	: 0
vendor_id	: GenuineIntel
cpu family	: 6
model		: 58
model name	: Intel(R) Core(TM) i5-3210M CPU @ 2.50GHz
stepping	: 9
microcode	: 0x15
cpu MHz		: 2494.316
cache size	: 3072 KB
physical id	: 0
siblings	: 2
core id		: 0
cpu cores	: 2
apicid		: 0
initial apicid	: 0
fpu		: yes
fpu_exception	: yes
cpuid level	: 13
wp		: yes
flags		: fpu vme de pse tsc msr pae mce cx8 apic sep mtrr pge mca cmov pat pse36 clflush mmx fxsr sse sse2 ss ht syscall nx rdtscp lm constant_tsc nopl xtopology nonstop_tsc eagerfpu pni pclmulqdq ssse3 cx16 pcid sse4_1 sse4_2 x2apic popcnt tsc_deadline_timer aes xsave avx f16c rdrand hypervisor lahf_lm arat pln pts dtherm fsgsbase smep xsaveopt
bogomips	: 4988.63
clflush size	: 64
cache_alignment	: 64
address sizes	: 36 bits physical, 48 bits virtual
power management:

processor	: 1
vendor_id	: GenuineIntel
cpu family	: 6
model		: 58
model name	: Intel(R) Core(TM) i5-3210M CPU @ 2.50GHz
stepping	: 9
microcode	: 0x15
cpu MHz		: 2494.316
cache size	: 3072 KB
physical id	: 0
siblings	: 2
core id		: 1
cpu cores	: 2
apicid		: 1
initial apicid	: 1
fpu		: yes
fpu_exception	: yes
cpuid level	: 13
wp		: yes
flags		: fpu vme de pse tsc msr pae mce cx8 apic sep mtrr pge mca cmov pat pse36 clflush mmx fxsr sse sse2 ss ht syscall nx rdtscp lm constant_tsc nopl xtopology nonstop_tsc eagerfpu pni pclmulqdq ssse3 cx16 pcid sse4_1 sse4_2 x2apic popcnt tsc_deadline_timer aes xsave avx f16c rdrand hypervisor lahf_lm arat pln pts dtherm fsgsbase smep xsaveopt
bogomips	: 4988.63
clflush size	: 64
cache_alignment	: 64
address sizes	: 36 bits physical, 48 bits virtual
power management:



Memory: 4k page, physical 3878648k(293924k free), swap 2064380k(620280k free)

vm_info: Java HotSpot(TM) 64-Bit Server VM (24.71-b01) for linux-amd64 JRE (1.7.0_71-b14), built on Sep 26 2014 16:41:40 by "java_re" with gcc 4.3.0 20080428 (Red Hat 4.3.0-8)

time: Wed Apr 12 15:37:51 2017
elapsed time: 0 seconds

