#
# There is insufficient memory for the Java Runtime Environment to continue.
# Native memory allocation (malloc) failed to allocate 8589934592 bytes for committing reserved memory.
# Possible reasons:
#   The system is out of physical RAM or swap space
#   In 32 bit mode, the process size limit was hit
# Possible solutions:
#   Reduce memory load on the system
#   Increase physical memory or swap space
#   Check if swap backing store is full
#   Use 64 bit Java on a 64 bit OS
#   Decrease Java heap size (-Xmx/-Xms)
#   Decrease number of Java threads
#   Decrease Java thread stack sizes (-Xss)
#   Set larger code cache with -XX:ReservedCodeCacheSize=
# This output file may be truncated or incomplete.
#
#  Out of Memory Error (os_linux.cpp:2745), pid=8491, tid=139815967463168
#
# JRE version:  (7.0_71-b14) (build )
# Java VM: Java HotSpot(TM) 64-Bit Server VM (24.71-b01 mixed mode linux-amd64 compressed oops)
# Failed to write core dump. Core dumps have been disabled. To enable core dumping, try "ulimit -c unlimited" before starting Java again
#

---------------  T H R E A D  ---------------

Current thread (0x00007f2968008090):  JavaThread "Unknown thread" [_thread_in_vm, id=8492, stack(0x00007f2971031000,0x00007f2971132000)]

Stack: [0x00007f2971031000,0x00007f2971132000],  sp=0x00007f2971130440,  free space=1021k
Native frames: (J=compiled Java code, j=interpreted, Vv=VM code, C=native code)
V  [libjvm.so+0x9a0a1a]  VMError::report_and_die()+0x2ea
V  [libjvm.so+0x4974bb]  report_vm_out_of_memory(char const*, int, unsigned long, char const*)+0x9b
V  [libjvm.so+0x81e4de]  os::Linux::commit_memory_impl(char*, unsigned long, bool)+0xfe
V  [libjvm.so+0x81ea29]  os::pd_commit_memory(char*, unsigned long, unsigned long, bool)+0x29
V  [libjvm.so+0x8187da]  os::commit_memory(char*, unsigned long, unsigned long, bool)+0x2a
V  [libjvm.so+0x99c229]  VirtualSpace::expand_by(unsigned long, bool)+0x1c9
V  [libjvm.so+0x52ba63]  G1CollectedHeap::expand(unsigned long)+0x83
V  [libjvm.so+0x532085]  G1CollectedHeap::initialize()+0x6c5
V  [libjvm.so+0x97295a]  Universe::initialize_heap()+0xca
V  [libjvm.so+0x973b29]  universe_init()+0x79
V  [libjvm.so+0x5b0f15]  init_globals()+0x65
V  [libjvm.so+0x95b47d]  Threads::create_vm(JavaVMInitArgs*, bool*)+0x1ed
V  [libjvm.so+0x6391c4]  JNI_CreateJavaVM+0x74
C  [libjli.so+0x2f8e]  JavaMain+0x9e


---------------  P R O C E S S  ---------------

Java Threads: ( => current thread )

Other Threads:

=>0x00007f2968008090 (exited) JavaThread "Unknown thread" [_thread_in_vm, id=8492, stack(0x00007f2971031000,0x00007f2971132000)]

VM state:not at safepoint (not fully initialized)

VM Mutex/Monitor currently owned by a thread:  ([mutex/lock_event])
[0x00007f2968007480] Heap_lock - owner thread: 0x00007f2968008090

GC Heap History (0 events):
No events

Deoptimization events (0 events):
No events

Internal exceptions (0 events):
No events

Events (0 events):
No events


Dynamic libraries:
00400000-00401000 r-xp 00000000 fd:00 1057869                            /usr/java/jdk1.7.0_71/bin/java
00600000-00601000 rw-p 00000000 fd:00 1057869                            /usr/java/jdk1.7.0_71/bin/java
00be1000-00c02000 rw-p 00000000 00:00 0                                  [heap]
7fb000000-7fc000000 rw-p 00000000 00:00 0 
7fc000000-800000000 rw-p 00000000 00:00 0 
7f2924000000-7f2924021000 rw-p 00000000 00:00 0 
7f2924021000-7f2928000000 ---p 00000000 00:00 0 
7f292c000000-7f292c021000 rw-p 00000000 00:00 0 
7f292c021000-7f2930000000 ---p 00000000 00:00 0 
7f2933d7d000-7f294c000000 rw-p 00000000 00:00 0 
7f294c000000-7f294c021000 rw-p 00000000 00:00 0 
7f294c021000-7f2950000000 ---p 00000000 00:00 0 
7f2950000000-7f2950021000 rw-p 00000000 00:00 0 
7f2950021000-7f2954000000 ---p 00000000 00:00 0 
7f2956fd7000-7f2957fd8000 rw-p 00000000 00:00 0 
7f2957fd8000-7f2958021000 rw-p 00000000 00:00 0 
7f2958021000-7f295c000000 ---p 00000000 00:00 0 
7f295c000000-7f295c021000 rw-p 00000000 00:00 0 
7f295c021000-7f2960000000 ---p 00000000 00:00 0 
7f2960000000-7f2960021000 rw-p 00000000 00:00 0 
7f2960021000-7f2964000000 ---p 00000000 00:00 0 
7f296457f000-7f29646eb000 rw-p 00000000 00:00 0 
7f29646eb000-7f29646ec000 ---p 00000000 00:00 0 
7f29646ec000-7f2965000000 rw-p 00000000 00:00 0                          [stack:8499]
7f2965000000-7f2965270000 rwxp 00000000 00:00 0 
7f2965270000-7f296803a000 rw-p 00000000 00:00 0 
7f296803a000-7f296c000000 ---p 00000000 00:00 0 
7f296c018000-7f296c0f3000 rw-p 00000000 00:00 0 
7f296c0f3000-7f296c0f4000 ---p 00000000 00:00 0 
7f296c0f4000-7f296c1f4000 rw-p 00000000 00:00 0                          [stack:8498]
7f296c1f4000-7f296d1f4000 rw-p 00000000 00:00 0 
7f296d1f4000-7f296d1fd000 rw-p 00000000 00:00 0 
7f296d1fd000-7f296e21d000 rw-p 00000000 00:00 0 
7f296e21d000-7f296e225000 rw-p 00000000 00:00 0 
7f296e225000-7f296e245000 rw-p 00000000 00:00 0 
7f296e245000-7f296e246000 rw-p 00000000 00:00 0 
7f296e246000-7f296e247000 ---p 00000000 00:00 0 
7f296e247000-7f296e347000 rw-p 00000000 00:00 0                          [stack:8497]
7f296e347000-7f296e348000 ---p 00000000 00:00 0 
7f296e348000-7f296e448000 rw-p 00000000 00:00 0                          [stack:8496]
7f296e448000-7f296e449000 ---p 00000000 00:00 0 
7f296e449000-7f296e74b000 rw-p 00000000 00:00 0                          [stack:8495]
7f296e74b000-7f296e74c000 ---p 00000000 00:00 0 
7f296e74c000-7f296e84c000 rw-p 00000000 00:00 0                          [stack:8494]
7f296e84c000-7f296e84d000 ---p 00000000 00:00 0 
7f296e84d000-7f296e94d000 rw-p 00000000 00:00 0                          [stack:8493]
7f296e94d000-7f296e967000 r-xp 00000000 fd:00 1062807                    /usr/java/jdk1.7.0_71/jre/lib/amd64/libzip.so
7f296e967000-7f296eb67000 ---p 0001a000 fd:00 1062807                    /usr/java/jdk1.7.0_71/jre/lib/amd64/libzip.so
7f296eb67000-7f296eb68000 rw-p 0001a000 fd:00 1062807                    /usr/java/jdk1.7.0_71/jre/lib/amd64/libzip.so
7f296eb68000-7f296eb73000 r-xp 00000000 fd:00 919860                     /usr/lib64/libnss_files-2.17.so
7f296eb73000-7f296ed72000 ---p 0000b000 fd:00 919860                     /usr/lib64/libnss_files-2.17.so
7f296ed72000-7f296ed73000 r--p 0000a000 fd:00 919860                     /usr/lib64/libnss_files-2.17.so
7f296ed73000-7f296ed74000 rw-p 0000b000 fd:00 919860                     /usr/lib64/libnss_files-2.17.so
7f296ed74000-7f296ed7a000 rw-p 00000000 00:00 0 
7f296ed7a000-7f296eda3000 r-xp 00000000 fd:00 1062777                    /usr/java/jdk1.7.0_71/jre/lib/amd64/libjava.so
7f296eda3000-7f296efa3000 ---p 00029000 fd:00 1062777                    /usr/java/jdk1.7.0_71/jre/lib/amd64/libjava.so
7f296efa3000-7f296efa5000 rw-p 00029000 fd:00 1062777                    /usr/java/jdk1.7.0_71/jre/lib/amd64/libjava.so
7f296efa5000-7f296efb2000 r-xp 00000000 fd:00 1062806                    /usr/java/jdk1.7.0_71/jre/lib/amd64/libverify.so
7f296efb2000-7f296f1b1000 ---p 0000d000 fd:00 1062806                    /usr/java/jdk1.7.0_71/jre/lib/amd64/libverify.so
7f296f1b1000-7f296f1b3000 rw-p 0000c000 fd:00 1062806                    /usr/java/jdk1.7.0_71/jre/lib/amd64/libverify.so
7f296f1b3000-7f296f1ba000 r-xp 00000000 fd:00 919872                     /usr/lib64/librt-2.17.so
7f296f1ba000-7f296f3b9000 ---p 00007000 fd:00 919872                     /usr/lib64/librt-2.17.so
7f296f3b9000-7f296f3ba000 r--p 00006000 fd:00 919872                     /usr/lib64/librt-2.17.so
7f296f3ba000-7f296f3bb000 rw-p 00007000 fd:00 919872                     /usr/lib64/librt-2.17.so
7f296f3bb000-7f296f4bc000 r-xp 00000000 fd:00 919850                     /usr/lib64/libm-2.17.so
7f296f4bc000-7f296f6bb000 ---p 00101000 fd:00 919850                     /usr/lib64/libm-2.17.so
7f296f6bb000-7f296f6bc000 r--p 00100000 fd:00 919850                     /usr/lib64/libm-2.17.so
7f296f6bc000-7f296f6bd000 rw-p 00101000 fd:00 919850                     /usr/lib64/libm-2.17.so
7f296f6bd000-7f297022f000 r-xp 00000000 fd:00 1062811                    /usr/java/jdk1.7.0_71/jre/lib/amd64/server/libjvm.so
7f297022f000-7f297042e000 ---p 00b72000 fd:00 1062811                    /usr/java/jdk1.7.0_71/jre/lib/amd64/server/libjvm.so
7f297042e000-7f29704f3000 rw-p 00b71000 fd:00 1062811                    /usr/java/jdk1.7.0_71/jre/lib/amd64/server/libjvm.so
7f29704f3000-7f2970533000 rw-p 00000000 00:00 0 
7f2970533000-7f29706e9000 r-xp 00000000 fd:00 919842                     /usr/lib64/libc-2.17.so
7f29706e9000-7f29708e9000 ---p 001b6000 fd:00 919842                     /usr/lib64/libc-2.17.so
7f29708e9000-7f29708ed000 r--p 001b6000 fd:00 919842                     /usr/lib64/libc-2.17.so
7f29708ed000-7f29708ef000 rw-p 001ba000 fd:00 919842                     /usr/lib64/libc-2.17.so
7f29708ef000-7f29708f4000 rw-p 00000000 00:00 0 
7f29708f4000-7f29708f7000 r-xp 00000000 fd:00 919848                     /usr/lib64/libdl-2.17.so
7f29708f7000-7f2970af6000 ---p 00003000 fd:00 919848                     /usr/lib64/libdl-2.17.so
7f2970af6000-7f2970af7000 r--p 00002000 fd:00 919848                     /usr/lib64/libdl-2.17.so
7f2970af7000-7f2970af8000 rw-p 00003000 fd:00 919848                     /usr/lib64/libdl-2.17.so
7f2970af8000-7f2970b0e000 r-xp 00000000 fd:00 1192876                    /usr/java/jdk1.7.0_71/lib/amd64/jli/libjli.so
7f2970b0e000-7f2970d0e000 ---p 00016000 fd:00 1192876                    /usr/java/jdk1.7.0_71/lib/amd64/jli/libjli.so
7f2970d0e000-7f2970d0f000 rw-p 00016000 fd:00 1192876                    /usr/java/jdk1.7.0_71/lib/amd64/jli/libjli.so
7f2970d0f000-7f2970d25000 r-xp 00000000 fd:00 919868                     /usr/lib64/libpthread-2.17.so
7f2970d25000-7f2970f25000 ---p 00016000 fd:00 919868                     /usr/lib64/libpthread-2.17.so
7f2970f25000-7f2970f26000 r--p 00016000 fd:00 919868                     /usr/lib64/libpthread-2.17.so
7f2970f26000-7f2970f27000 rw-p 00017000 fd:00 919868                     /usr/lib64/libpthread-2.17.so
7f2970f27000-7f2970f2b000 rw-p 00000000 00:00 0 
7f2970f2b000-7f2970f4c000 r-xp 00000000 fd:00 919835                     /usr/lib64/ld-2.17.so
7f2970f71000-7f2970f7b000 rw-p 00000000 00:00 0 
7f2970f7b000-7f2971031000 rw-p 00000000 00:00 0 
7f2971031000-7f2971034000 ---p 00000000 00:00 0 
7f2971034000-7f2971136000 rw-p 00000000 00:00 0                          [stack:8492]
7f297113e000-7f2971141000 rw-p 00000000 00:00 0 
7f2971141000-7f2971149000 rw-s 00000000 fd:00 786612                     /tmp/hsperfdata_cupid/8491
7f2971149000-7f297114a000 rw-p 00000000 00:00 0 
7f297114a000-7f297114b000 r--p 00000000 00:00 0 
7f297114b000-7f297114c000 rw-p 00000000 00:00 0 
7f297114c000-7f297114d000 r--p 00021000 fd:00 919835                     /usr/lib64/ld-2.17.so
7f297114d000-7f297114e000 rw-p 00022000 fd:00 919835                     /usr/lib64/ld-2.17.so
7f297114e000-7f297114f000 rw-p 00000000 00:00 0 
7fff62ec0000-7fff62ee2000 rw-p 00000000 00:00 0                          [stack]
7fff62f68000-7fff62f6a000 r-xp 00000000 00:00 0                          [vdso]
ffffffffff600000-ffffffffff601000 r-xp 00000000 00:00 0                  [vsyscall]

VM Arguments:
jvm_args: -Xms8g -Xmx8g -Xmn4g -XX:+UseG1GC -XX:G1HeapRegionSize=16m -XX:G1ReservePercent=25 -XX:InitiatingHeapOccupancyPercent=30 -XX:SoftRefLRUPolicyMSPerMB=0 -XX:SurvivorRatio=8 -XX:+DisableExplicitGC -verbose:gc -Xloggc:/dev/shm/mq_gc_%p.log -XX:+PrintGCDetails -XX:+PrintGCDateStamps -XX:+PrintGCApplicationStoppedTime -XX:+PrintAdaptiveSizePolicy -XX:+UseGCLogFileRotation -XX:NumberOfGCLogFiles=5 -XX:GCLogFileSize=30m -XX:-OmitStackTraceInFastThrow -XX:+AlwaysPreTouch -XX:MaxDirectMemorySize=15g -XX:-UseLargePages -XX:-UseBiasedLocking -Djava.ext.dirs=/home/cupid/Downloads/incubator-rocketmq/target/apache-rocketmq-all/bin/../lib 
java_command: org.apache.rocketmq.broker.BrokerStartup -n localhost:9876
Launcher Type: SUN_STANDARD

Environment Variables:
CLASSPATH=.:/home/cupid/Downloads/incubator-rocketmq/target/apache-rocketmq-all/bin/../conf:
PATH=/usr/local/bin:/usr/local/sbin:/usr/bin:/usr/sbin:/bin:/sbin:/home/cupid/bin:/usr/local/apache-maven-3.3.9/bin:/usr/java/default/bin:/usr/java/default/jre/bin:/home/cupid/bin:/home/cupid/Downloads/qt-everywhere-opensource-src-4.8.7/bin
USERNAME=cupid
SHELL=/bin/zsh
DISPLAY=:0

Signal Handlers:
SIGSEGV: [libjvm.so+0x9a1330], sa_mask[0]=0x7ffbfeff, sa_flags=0x10000004
SIGBUS: [libjvm.so+0x9a1330], sa_mask[0]=0x7ffbfeff, sa_flags=0x10000004
SIGFPE: [libjvm.so+0x81b390], sa_mask[0]=0x7ffbfeff, sa_flags=0x10000004
SIGPIPE: [libjvm.so+0x81b390], sa_mask[0]=0x7ffbfeff, sa_flags=0x10000004
SIGXFSZ: [libjvm.so+0x81b390], sa_mask[0]=0x7ffbfeff, sa_flags=0x10000004
SIGILL: [libjvm.so+0x81b390], sa_mask[0]=0x7ffbfeff, sa_flags=0x10000004
SIGUSR1: SIG_DFL, sa_mask[0]=0x00000000, sa_flags=0x00000000
SIGUSR2: [libjvm.so+0x81cb90], sa_mask[0]=0x00000000, sa_flags=0x10000004
SIGHUP: SIG_IGN, sa_mask[0]=0x00000000, sa_flags=0x00000000
SIGINT: SIG_DFL, sa_mask[0]=0x00000000, sa_flags=0x00000000
SIGTERM: SIG_DFL, sa_mask[0]=0x00000000, sa_flags=0x00000000
SIGQUIT: SIG_DFL, sa_mask[0]=0x00000000, sa_flags=0x00000000


---------------  S Y S T E M  ---------------

OS:CentOS Linux release 7.2.1511 (Core) 

uname:Linux 3.10.0-327.el7.x86_64 #1 SMP Thu Nov 19 22:10:57 UTC 2015 x86_64
libc:glibc 2.17 NPTL 2.17 
rlimit: STACK 8192k, CORE 0k, NPROC 4096, NOFILE 4096, AS infinity
load average:2.93 3.47 2.18

/proc/meminfo:
MemTotal:        3878648 kB
MemFree:          898584 kB
MemAvailable:    2265220 kB
Buffers:           76292 kB
Cached:          1419108 kB
SwapCached:            0 kB
Active:          1842432 kB
Inactive:         875752 kB
Active(anon):    1223356 kB
Inactive(anon):    26688 kB
Active(file):     619076 kB
Inactive(file):   849064 kB
Unevictable:          24 kB
Mlocked:              24 kB
SwapTotal:       2064380 kB
SwapFree:        2064380 kB
Dirty:             11308 kB
Writeback:             0 kB
AnonPages:       1141116 kB
Mapped:           182356 kB
Shmem:             27096 kB
Slab:             181968 kB
SReclaimable:     134844 kB
SUnreclaim:        47124 kB
KernelStack:        8656 kB
PageTables:        28148 kB
NFS_Unstable:          0 kB
Bounce:                0 kB
WritebackTmp:          0 kB
CommitLimit:     4003704 kB
Committed_AS:    8416512 kB
VmallocTotal:   34359738367 kB
VmallocUsed:       29224 kB
VmallocChunk:   34359704812 kB
HardwareCorrupted:     0 kB
AnonHugePages:    468992 kB
HugePages_Total:       0
HugePages_Free:        0
HugePages_Rsvd:        0
HugePages_Surp:        0
Hugepagesize:       2048 kB
DirectMap4k:       92084 kB
DirectMap2M:     4102144 kB


CPU:total 2 (2 cores per cpu, 1 threads per core) family 6 model 58 stepping 9, cmov, cx8, fxsr, mmx, sse, sse2, sse3, ssse3, sse4.1, sse4.2, popcnt, avx, aes, erms, tsc, tscinvbit, tscinv

/proc/cpuinfo:
processor	: 0
vendor_id	: GenuineIntel
cpu family	: 6
model		: 58
model name	: Intel(R) Core(TM) i5-3210M CPU @ 2.50GHz
stepping	: 9
microcode	: 0x15
cpu MHz		: 2494.316
cache size	: 3072 KB
physical id	: 0
siblings	: 2
core id		: 0
cpu cores	: 2
apicid		: 0
initial apicid	: 0
fpu		: yes
fpu_exception	: yes
cpuid level	: 13
wp		: yes
flags		: fpu vme de pse tsc msr pae mce cx8 apic sep mtrr pge mca cmov pat pse36 clflush mmx fxsr sse sse2 ss ht syscall nx rdtscp lm constant_tsc nopl xtopology nonstop_tsc eagerfpu pni pclmulqdq ssse3 cx16 pcid sse4_1 sse4_2 x2apic popcnt tsc_deadline_timer aes xsave avx f16c rdrand hypervisor lahf_lm arat pln pts dtherm fsgsbase smep xsaveopt
bogomips	: 4988.63
clflush size	: 64
cache_alignment	: 64
address sizes	: 36 bits physical, 48 bits virtual
power management:

processor	: 1
vendor_id	: GenuineIntel
cpu family	: 6
model		: 58
model name	: Intel(R) Core(TM) i5-3210M CPU @ 2.50GHz
stepping	: 9
microcode	: 0x15
cpu MHz		: 2494.316
cache size	: 3072 KB
physical id	: 0
siblings	: 2
core id		: 1
cpu cores	: 2
apicid		: 1
initial apicid	: 1
fpu		: yes
fpu_exception	: yes
cpuid level	: 13
wp		: yes
flags		: fpu vme de pse tsc msr pae mce cx8 apic sep mtrr pge mca cmov pat pse36 clflush mmx fxsr sse sse2 ss ht syscall nx rdtscp lm constant_tsc nopl xtopology nonstop_tsc eagerfpu pni pclmulqdq ssse3 cx16 pcid sse4_1 sse4_2 x2apic popcnt tsc_deadline_timer aes xsave avx f16c rdrand hypervisor lahf_lm arat pln pts dtherm fsgsbase smep xsaveopt
bogomips	: 4988.63
clflush size	: 64
cache_alignment	: 64
address sizes	: 36 bits physical, 48 bits virtual
power management:



Memory: 4k page, physical 3878648k(898584k free), swap 2064380k(2064380k free)

vm_info: Java HotSpot(TM) 64-Bit Server VM (24.71-b01) for linux-amd64 JRE (1.7.0_71-b14), built on Sep 26 2014 16:41:40 by "java_re" with gcc 4.3.0 20080428 (Red Hat 4.3.0-8)

time: Sat Apr  8 16:32:34 2017
elapsed time: 0 seconds

