#
# There is insufficient memory for the Java Runtime Environment to continue.
# Native memory allocation (malloc) failed to allocate 2147483648 bytes for committing reserved memory.
# Possible reasons:
#   The system is out of physical RAM or swap space
#   In 32 bit mode, the process size limit was hit
# Possible solutions:
#   Reduce memory load on the system
#   Increase physical memory or swap space
#   Check if swap backing store is full
#   Use 64 bit Java on a 64 bit OS
#   Decrease Java heap size (-Xmx/-Xms)
#   Decrease number of Java threads
#   Decrease Java thread stack sizes (-Xss)
#   Set larger code cache with -XX:ReservedCodeCacheSize=
# This output file may be truncated or incomplete.
#
#  Out of Memory Error (os_linux.cpp:2745), pid=8126, tid=139626748208896
#
# JRE version:  (7.0_71-b14) (build )
# Java VM: Java HotSpot(TM) 64-Bit Server VM (24.71-b01 mixed mode linux-amd64 compressed oops)
# Failed to write core dump. Core dumps have been disabled. To enable core dumping, try "ulimit -c unlimited" before starting Java again
#

---------------  T H R E A D  ---------------

Current thread (0x00007efd5c009000):  JavaThread "Unknown thread" [_thread_in_vm, id=8127, stack(0x00007efd62aa6000,0x00007efd62ba7000)]

Stack: [0x00007efd62aa6000,0x00007efd62ba7000],  sp=0x00007efd62ba5400,  free space=1021k
Native frames: (J=compiled Java code, j=interpreted, Vv=VM code, C=native code)
V  [libjvm.so+0x9a0a1a]  VMError::report_and_die()+0x2ea
V  [libjvm.so+0x4974bb]  report_vm_out_of_memory(char const*, int, unsigned long, char const*)+0x9b
V  [libjvm.so+0x81e4de]  os::Linux::commit_memory_impl(char*, unsigned long, bool)+0xfe
V  [libjvm.so+0x81ea29]  os::pd_commit_memory(char*, unsigned long, unsigned long, bool)+0x29
V  [libjvm.so+0x8187da]  os::commit_memory(char*, unsigned long, unsigned long, bool)+0x2a
V  [libjvm.so+0x99c229]  VirtualSpace::expand_by(unsigned long, bool)+0x1c9
V  [libjvm.so+0x99c3ad]  VirtualSpace::initialize(ReservedSpace, unsigned long)+0xcd
V  [libjvm.so+0x5785ef]  Generation::Generation(ReservedSpace, unsigned long, int)+0xcf
V  [libjvm.so+0x49da28]  DefNewGeneration::DefNewGeneration(ReservedSpace, unsigned long, int, char const*)+0x58
V  [libjvm.so+0x579cb9]  GenerationSpec::init(ReservedSpace, int, GenRemSet*)+0x2c9
V  [libjvm.so+0x56a1d4]  GenCollectedHeap::initialize()+0x344
V  [libjvm.so+0x97295a]  Universe::initialize_heap()+0xca
V  [libjvm.so+0x973b29]  universe_init()+0x79
V  [libjvm.so+0x5b0f15]  init_globals()+0x65
V  [libjvm.so+0x95b47d]  Threads::create_vm(JavaVMInitArgs*, bool*)+0x1ed
V  [libjvm.so+0x6391c4]  JNI_CreateJavaVM+0x74
C  [libjli.so+0x2f8e]  JavaMain+0x9e


---------------  P R O C E S S  ---------------

Java Threads: ( => current thread )

Other Threads:

=>0x00007efd5c009000 (exited) JavaThread "Unknown thread" [_thread_in_vm, id=8127, stack(0x00007efd62aa6000,0x00007efd62ba7000)]

VM state:not at safepoint (not fully initialized)

VM Mutex/Monitor currently owned by a thread: None

GC Heap History (0 events):
No events

Deoptimization events (0 events):
No events

Internal exceptions (0 events):
No events

Events (0 events):
No events


Dynamic libraries:
00400000-00401000 r-xp 00000000 fd:00 1057869                            /usr/java/jdk1.7.0_71/bin/java
00600000-00601000 rw-p 00000000 fd:00 1057869                            /usr/java/jdk1.7.0_71/bin/java
01dbf000-01de0000 rw-p 00000000 00:00 0                                  [heap]
76c000000-800000000 rw-p 00000000 00:00 0 
7efd5875f000-7efd58fff000 rw-p 00000000 00:00 0 
7efd58fff000-7efd59000000 rw-p 00000000 00:00 0 
7efd59000000-7efd59270000 rwxp 00000000 00:00 0 
7efd59270000-7efd5c024000 rw-p 00000000 00:00 0 
7efd5c024000-7efd60000000 ---p 00000000 00:00 0 
7efd6017a000-7efd603c1000 rw-p 00000000 00:00 0 
7efd603c1000-7efd603db000 r-xp 00000000 fd:00 1062807                    /usr/java/jdk1.7.0_71/jre/lib/amd64/libzip.so
7efd603db000-7efd605db000 ---p 0001a000 fd:00 1062807                    /usr/java/jdk1.7.0_71/jre/lib/amd64/libzip.so
7efd605db000-7efd605dc000 rw-p 0001a000 fd:00 1062807                    /usr/java/jdk1.7.0_71/jre/lib/amd64/libzip.so
7efd605dc000-7efd605e7000 r-xp 00000000 fd:00 919860                     /usr/lib64/libnss_files-2.17.so
7efd605e7000-7efd607e6000 ---p 0000b000 fd:00 919860                     /usr/lib64/libnss_files-2.17.so
7efd607e6000-7efd607e7000 r--p 0000a000 fd:00 919860                     /usr/lib64/libnss_files-2.17.so
7efd607e7000-7efd607e8000 rw-p 0000b000 fd:00 919860                     /usr/lib64/libnss_files-2.17.so
7efd607e8000-7efd607ee000 rw-p 00000000 00:00 0 
7efd607ee000-7efd60817000 r-xp 00000000 fd:00 1062777                    /usr/java/jdk1.7.0_71/jre/lib/amd64/libjava.so
7efd60817000-7efd60a17000 ---p 00029000 fd:00 1062777                    /usr/java/jdk1.7.0_71/jre/lib/amd64/libjava.so
7efd60a17000-7efd60a19000 rw-p 00029000 fd:00 1062777                    /usr/java/jdk1.7.0_71/jre/lib/amd64/libjava.so
7efd60a19000-7efd60a26000 r-xp 00000000 fd:00 1062806                    /usr/java/jdk1.7.0_71/jre/lib/amd64/libverify.so
7efd60a26000-7efd60c25000 ---p 0000d000 fd:00 1062806                    /usr/java/jdk1.7.0_71/jre/lib/amd64/libverify.so
7efd60c25000-7efd60c27000 rw-p 0000c000 fd:00 1062806                    /usr/java/jdk1.7.0_71/jre/lib/amd64/libverify.so
7efd60c27000-7efd60c2e000 r-xp 00000000 fd:00 919872                     /usr/lib64/librt-2.17.so
7efd60c2e000-7efd60e2d000 ---p 00007000 fd:00 919872                     /usr/lib64/librt-2.17.so
7efd60e2d000-7efd60e2e000 r--p 00006000 fd:00 919872                     /usr/lib64/librt-2.17.so
7efd60e2e000-7efd60e2f000 rw-p 00007000 fd:00 919872                     /usr/lib64/librt-2.17.so
7efd60e2f000-7efd60f30000 r-xp 00000000 fd:00 919850                     /usr/lib64/libm-2.17.so
7efd60f30000-7efd6112f000 ---p 00101000 fd:00 919850                     /usr/lib64/libm-2.17.so
7efd6112f000-7efd61130000 r--p 00100000 fd:00 919850                     /usr/lib64/libm-2.17.so
7efd61130000-7efd61131000 rw-p 00101000 fd:00 919850                     /usr/lib64/libm-2.17.so
7efd61131000-7efd61ca3000 r-xp 00000000 fd:00 1062811                    /usr/java/jdk1.7.0_71/jre/lib/amd64/server/libjvm.so
7efd61ca3000-7efd61ea2000 ---p 00b72000 fd:00 1062811                    /usr/java/jdk1.7.0_71/jre/lib/amd64/server/libjvm.so
7efd61ea2000-7efd61f67000 rw-p 00b71000 fd:00 1062811                    /usr/java/jdk1.7.0_71/jre/lib/amd64/server/libjvm.so
7efd61f67000-7efd61fa7000 rw-p 00000000 00:00 0 
7efd61fa7000-7efd6215d000 r-xp 00000000 fd:00 919842                     /usr/lib64/libc-2.17.so
7efd6215d000-7efd6235d000 ---p 001b6000 fd:00 919842                     /usr/lib64/libc-2.17.so
7efd6235d000-7efd62361000 r--p 001b6000 fd:00 919842                     /usr/lib64/libc-2.17.so
7efd62361000-7efd62363000 rw-p 001ba000 fd:00 919842                     /usr/lib64/libc-2.17.so
7efd62363000-7efd62368000 rw-p 00000000 00:00 0 
7efd62368000-7efd6236b000 r-xp 00000000 fd:00 919848                     /usr/lib64/libdl-2.17.so
7efd6236b000-7efd6256a000 ---p 00003000 fd:00 919848                     /usr/lib64/libdl-2.17.so
7efd6256a000-7efd6256b000 r--p 00002000 fd:00 919848                     /usr/lib64/libdl-2.17.so
7efd6256b000-7efd6256c000 rw-p 00003000 fd:00 919848                     /usr/lib64/libdl-2.17.so
7efd6256c000-7efd62582000 r-xp 00000000 fd:00 1192876                    /usr/java/jdk1.7.0_71/lib/amd64/jli/libjli.so
7efd62582000-7efd62782000 ---p 00016000 fd:00 1192876                    /usr/java/jdk1.7.0_71/lib/amd64/jli/libjli.so
7efd62782000-7efd62783000 rw-p 00016000 fd:00 1192876                    /usr/java/jdk1.7.0_71/lib/amd64/jli/libjli.so
7efd62783000-7efd62799000 r-xp 00000000 fd:00 919868                     /usr/lib64/libpthread-2.17.so
7efd62799000-7efd62999000 ---p 00016000 fd:00 919868                     /usr/lib64/libpthread-2.17.so
7efd62999000-7efd6299a000 r--p 00016000 fd:00 919868                     /usr/lib64/libpthread-2.17.so
7efd6299a000-7efd6299b000 rw-p 00017000 fd:00 919868                     /usr/lib64/libpthread-2.17.so
7efd6299b000-7efd6299f000 rw-p 00000000 00:00 0 
7efd6299f000-7efd629c0000 r-xp 00000000 fd:00 919835                     /usr/lib64/ld-2.17.so
7efd629e6000-7efd629f0000 rw-p 00000000 00:00 0 
7efd629f0000-7efd62aa6000 rw-p 00000000 00:00 0 
7efd62aa6000-7efd62aa9000 ---p 00000000 00:00 0 
7efd62aa9000-7efd62bab000 rw-p 00000000 00:00 0                          [stack:8127]
7efd62bb3000-7efd62bb5000 rw-p 00000000 00:00 0 
7efd62bb5000-7efd62bbd000 rw-s 00000000 fd:00 786638                     /tmp/hsperfdata_cupid/8126
7efd62bbd000-7efd62bbe000 rw-p 00000000 00:00 0 
7efd62bbe000-7efd62bbf000 r--p 00000000 00:00 0 
7efd62bbf000-7efd62bc0000 rw-p 00000000 00:00 0 
7efd62bc0000-7efd62bc1000 r--p 00021000 fd:00 919835                     /usr/lib64/ld-2.17.so
7efd62bc1000-7efd62bc2000 rw-p 00022000 fd:00 919835                     /usr/lib64/ld-2.17.so
7efd62bc2000-7efd62bc3000 rw-p 00000000 00:00 0 
7ffce8901000-7ffce8923000 rw-p 00000000 00:00 0                          [stack]
7ffce898c000-7ffce898e000 r-xp 00000000 00:00 0                          [vdso]
ffffffffff600000-ffffffffff601000 r-xp 00000000 00:00 0                  [vsyscall]

VM Arguments:
jvm_args: -Xms4g -Xmx4g -Xmn2g -XX:PermSize=128m -XX:MaxPermSize=320m -XX:+UseConcMarkSweepGC -XX:+UseCMSCompactAtFullCollection -XX:CMSInitiatingOccupancyFraction=70 -XX:+CMSParallelRemarkEnabled -XX:SoftRefLRUPolicyMSPerMB=0 -XX:+CMSClassUnloadingEnabled -XX:SurvivorRatio=8 -XX:+DisableExplicitGC -XX:-UseParNewGC -verbose:gc -Xloggc:/dev/shm/rmq_srv_gc.log -XX:+PrintGCDetails -XX:-OmitStackTraceInFastThrow -XX:-UseLargePages -Djava.ext.dirs=/home/cupid/Downloads/incubator-rocketmq/target/apache-rocketmq-all/bin/../lib 
java_command: org.apache.rocketmq.namesrv.NamesrvStartup
Launcher Type: SUN_STANDARD

Environment Variables:
CLASSPATH=.:/home/cupid/Downloads/incubator-rocketmq/target/apache-rocketmq-all/bin/../conf:
PATH=/usr/local/bin:/usr/local/sbin:/usr/bin:/usr/sbin:/bin:/sbin:/home/cupid/bin:/usr/local/apache-maven-3.3.9/bin:/usr/java/default/bin:/usr/java/default/jre/bin
USERNAME=cupid
SHELL=/bin/zsh
DISPLAY=:0

Signal Handlers:
SIGSEGV: [libjvm.so+0x9a1330], sa_mask[0]=0x7ffbfeff, sa_flags=0x10000004
SIGBUS: [libjvm.so+0x9a1330], sa_mask[0]=0x7ffbfeff, sa_flags=0x10000004
SIGFPE: [libjvm.so+0x81b390], sa_mask[0]=0x7ffbfeff, sa_flags=0x10000004
SIGPIPE: [libjvm.so+0x81b390], sa_mask[0]=0x7ffbfeff, sa_flags=0x10000004
SIGXFSZ: [libjvm.so+0x81b390], sa_mask[0]=0x7ffbfeff, sa_flags=0x10000004
SIGILL: [libjvm.so+0x81b390], sa_mask[0]=0x7ffbfeff, sa_flags=0x10000004
SIGUSR1: SIG_DFL, sa_mask[0]=0x00000000, sa_flags=0x00000000
SIGUSR2: [libjvm.so+0x81cb90], sa_mask[0]=0x00000000, sa_flags=0x10000004
SIGHUP: SIG_IGN, sa_mask[0]=0x00000000, sa_flags=0x00000000
SIGINT: SIG_DFL, sa_mask[0]=0x00000000, sa_flags=0x00000000
SIGTERM: SIG_DFL, sa_mask[0]=0x00000000, sa_flags=0x00000000
SIGQUIT: SIG_DFL, sa_mask[0]=0x00000000, sa_flags=0x00000000


---------------  S Y S T E M  ---------------

OS:CentOS Linux release 7.2.1511 (Core) 

uname:Linux 3.10.0-327.el7.x86_64 #1 SMP Thu Nov 19 22:10:57 UTC 2015 x86_64
libc:glibc 2.17 NPTL 2.17 
rlimit: STACK 8192k, CORE 0k, NPROC 4096, NOFILE 4096, AS infinity
load average:0.56 0.61 0.41

/proc/meminfo:
MemTotal:        1880328 kB
MemFree:           97348 kB
MemAvailable:     503972 kB
Buffers:           17844 kB
Cached:           504416 kB
SwapCached:        78060 kB
Active:           903880 kB
Inactive:         699976 kB
Active(anon):     687672 kB
Inactive(anon):   428992 kB
Active(file):     216208 kB
Inactive(file):   270984 kB
Unevictable:          24 kB
Mlocked:              24 kB
SwapTotal:       2064380 kB
SwapFree:        1114728 kB
Dirty:               740 kB
Writeback:             0 kB
AnonPages:       1027340 kB
Mapped:           120060 kB
Shmem:             34892 kB
Slab:             108648 kB
SReclaimable:      64112 kB
SUnreclaim:        44536 kB
KernelStack:       10432 kB
PageTables:        32104 kB
NFS_Unstable:          0 kB
Bounce:                0 kB
WritebackTmp:          0 kB
CommitLimit:     3004544 kB
Committed_AS:    5119756 kB
VmallocTotal:   34359738367 kB
VmallocUsed:       25680 kB
VmallocChunk:   34359684820 kB
HardwareCorrupted:     0 kB
AnonHugePages:     77824 kB
HugePages_Total:       0
HugePages_Free:        0
HugePages_Rsvd:        0
HugePages_Surp:        0
Hugepagesize:       2048 kB
DirectMap4k:       81844 kB
DirectMap2M:     2015232 kB


CPU:total 2 (2 cores per cpu, 1 threads per core) family 6 model 58 stepping 9, cmov, cx8, fxsr, mmx, sse, sse2, sse3, ssse3, sse4.1, sse4.2, popcnt, avx, aes, erms, tsc, tscinvbit, tscinv

/proc/cpuinfo:
processor	: 0
vendor_id	: GenuineIntel
cpu family	: 6
model		: 58
model name	: Intel(R) Core(TM) i5-3210M CPU @ 2.50GHz
stepping	: 9
microcode	: 0x15
cpu MHz		: 2494.316
cache size	: 3072 KB
physical id	: 0
siblings	: 2
core id		: 0
cpu cores	: 2
apicid		: 0
initial apicid	: 0
fpu		: yes
fpu_exception	: yes
cpuid level	: 13
wp		: yes
flags		: fpu vme de pse tsc msr pae mce cx8 apic sep mtrr pge mca cmov pat pse36 clflush mmx fxsr sse sse2 ss ht syscall nx rdtscp lm constant_tsc nopl xtopology nonstop_tsc eagerfpu pni pclmulqdq ssse3 cx16 pcid sse4_1 sse4_2 x2apic popcnt tsc_deadline_timer aes xsave avx f16c rdrand hypervisor lahf_lm arat pln pts dtherm fsgsbase smep xsaveopt
bogomips	: 4988.63
clflush size	: 64
cache_alignment	: 64
address sizes	: 36 bits physical, 48 bits virtual
power management:

processor	: 1
vendor_id	: GenuineIntel
cpu family	: 6
model		: 58
model name	: Intel(R) Core(TM) i5-3210M CPU @ 2.50GHz
stepping	: 9
microcode	: 0x15
cpu MHz		: 2494.316
cache size	: 3072 KB
physical id	: 0
siblings	: 2
core id		: 1
cpu cores	: 2
apicid		: 1
initial apicid	: 1
fpu		: yes
fpu_exception	: yes
cpuid level	: 13
wp		: yes
flags		: fpu vme de pse tsc msr pae mce cx8 apic sep mtrr pge mca cmov pat pse36 clflush mmx fxsr sse sse2 ss ht syscall nx rdtscp lm constant_tsc nopl xtopology nonstop_tsc eagerfpu pni pclmulqdq ssse3 cx16 pcid sse4_1 sse4_2 x2apic popcnt tsc_deadline_timer aes xsave avx f16c rdrand hypervisor lahf_lm arat pln pts dtherm fsgsbase smep xsaveopt
bogomips	: 4988.63
clflush size	: 64
cache_alignment	: 64
address sizes	: 36 bits physical, 48 bits virtual
power management:



Memory: 4k page, physical 1880328k(97348k free), swap 2064380k(1114728k free)

vm_info: Java HotSpot(TM) 64-Bit Server VM (24.71-b01) for linux-amd64 JRE (1.7.0_71-b14), built on Sep 26 2014 16:41:40 by "java_re" with gcc 4.3.0 20080428 (Red Hat 4.3.0-8)

time: Sat Apr  8 09:50:38 2017
elapsed time: 0 seconds

