#
# There is insufficient memory for the Java Runtime Environment to continue.
# Native memory allocation (malloc) failed to allocate 2147483648 bytes for committing reserved memory.
# Possible reasons:
#   The system is out of physical RAM or swap space
#   In 32 bit mode, the process size limit was hit
# Possible solutions:
#   Reduce memory load on the system
#   Increase physical memory or swap space
#   Check if swap backing store is full
#   Use 64 bit Java on a 64 bit OS
#   Decrease Java heap size (-Xmx/-Xms)
#   Decrease number of Java threads
#   Decrease Java thread stack sizes (-Xss)
#   Set larger code cache with -XX:ReservedCodeCacheSize=
# This output file may be truncated or incomplete.
#
#  Out of Memory Error (os_linux.cpp:2745), pid=18895, tid=140537258014464
#
# JRE version:  (7.0_71-b14) (build )
# Java VM: Java HotSpot(TM) 64-Bit Server VM (24.71-b01 mixed mode linux-amd64 compressed oops)
# Failed to write core dump. Core dumps have been disabled. To enable core dumping, try "ulimit -c unlimited" before starting Java again
#

---------------  T H R E A D  ---------------

Current thread (0x00007fd158008090):  JavaThread "Unknown thread" [_thread_in_vm, id=18896, stack(0x00007fd161477000,0x00007fd161578000)]

Stack: [0x00007fd161477000,0x00007fd161578000],  sp=0x00007fd161576440,  free space=1021k
Native frames: (J=compiled Java code, j=interpreted, Vv=VM code, C=native code)
V  [libjvm.so+0x9a0a1a]  VMError::report_and_die()+0x2ea
V  [libjvm.so+0x4974bb]  report_vm_out_of_memory(char const*, int, unsigned long, char const*)+0x9b
V  [libjvm.so+0x81e4de]  os::Linux::commit_memory_impl(char*, unsigned long, bool)+0xfe
V  [libjvm.so+0x81ea29]  os::pd_commit_memory(char*, unsigned long, unsigned long, bool)+0x29
V  [libjvm.so+0x8187da]  os::commit_memory(char*, unsigned long, unsigned long, bool)+0x2a
V  [libjvm.so+0x99c229]  VirtualSpace::expand_by(unsigned long, bool)+0x1c9
V  [libjvm.so+0x52ba63]  G1CollectedHeap::expand(unsigned long)+0x83
V  [libjvm.so+0x532085]  G1CollectedHeap::initialize()+0x6c5
V  [libjvm.so+0x97295a]  Universe::initialize_heap()+0xca
V  [libjvm.so+0x973b29]  universe_init()+0x79
V  [libjvm.so+0x5b0f15]  init_globals()+0x65
V  [libjvm.so+0x95b47d]  Threads::create_vm(JavaVMInitArgs*, bool*)+0x1ed
V  [libjvm.so+0x6391c4]  JNI_CreateJavaVM+0x74
C  [libjli.so+0x2f8e]  JavaMain+0x9e


---------------  P R O C E S S  ---------------

Java Threads: ( => current thread )

Other Threads:

=>0x00007fd158008090 (exited) JavaThread "Unknown thread" [_thread_in_vm, id=18896, stack(0x00007fd161477000,0x00007fd161578000)]

VM state:not at safepoint (not fully initialized)

VM Mutex/Monitor currently owned by a thread:  ([mutex/lock_event])
[0x00007fd158007480] Heap_lock - owner thread: 0x00007fd158008090

GC Heap History (0 events):
No events

Deoptimization events (0 events):
No events

Internal exceptions (0 events):
No events

Events (0 events):
No events


Dynamic libraries:
00400000-00401000 r-xp 00000000 fd:00 1057869                            /usr/java/jdk1.7.0_71/bin/java
00600000-00601000 rw-p 00000000 fd:00 1057869                            /usr/java/jdk1.7.0_71/bin/java
01c4e000-01c6f000 rw-p 00000000 00:00 0                                  [heap]
7fb000000-7fc000000 rw-p 00000000 00:00 0 
7fc000000-800000000 rw-p 00000000 00:00 0 
7fd124000000-7fd124021000 rw-p 00000000 00:00 0 
7fd124021000-7fd128000000 ---p 00000000 00:00 0 
7fd12c000000-7fd12c021000 rw-p 00000000 00:00 0 
7fd12c021000-7fd130000000 ---p 00000000 00:00 0 
7fd133d7d000-7fd140000000 rw-p 00000000 00:00 0 
7fd140000000-7fd140021000 rw-p 00000000 00:00 0 
7fd140021000-7fd144000000 ---p 00000000 00:00 0 
7fd144000000-7fd144021000 rw-p 00000000 00:00 0 
7fd144021000-7fd148000000 ---p 00000000 00:00 0 
7fd148000000-7fd148021000 rw-p 00000000 00:00 0 
7fd148021000-7fd14c000000 ---p 00000000 00:00 0 
7fd14c000000-7fd14c021000 rw-p 00000000 00:00 0 
7fd14c021000-7fd150000000 ---p 00000000 00:00 0 
7fd150000000-7fd150021000 rw-p 00000000 00:00 0 
7fd150021000-7fd154000000 ---p 00000000 00:00 0 
7fd155000000-7fd155270000 rwxp 00000000 00:00 0 
7fd155270000-7fd158037000 rw-p 00000000 00:00 0 
7fd158037000-7fd15c000000 ---p 00000000 00:00 0 
7fd15d234000-7fd15d47b000 rw-p 00000000 00:00 0 
7fd15d47b000-7fd15d47c000 ---p 00000000 00:00 0 
7fd15d47c000-7fd15d88a000 rw-p 00000000 00:00 0                          [stack:18903]
7fd15d88a000-7fd15d88b000 ---p 00000000 00:00 0 
7fd15d88b000-7fd15de12000 rw-p 00000000 00:00 0                          [stack:18902]
7fd15de12000-7fd15e23a000 rw-p 00000000 00:00 0 
7fd15e23a000-7fd15e243000 rw-p 00000000 00:00 0 
7fd15e243000-7fd15e663000 rw-p 00000000 00:00 0 
7fd15e663000-7fd15e66b000 rw-p 00000000 00:00 0 
7fd15e66b000-7fd15e68b000 rw-p 00000000 00:00 0 
7fd15e68b000-7fd15e68c000 rw-p 00000000 00:00 0 
7fd15e68c000-7fd15e68d000 ---p 00000000 00:00 0 
7fd15e68d000-7fd15e78d000 rw-p 00000000 00:00 0                          [stack:18901]
7fd15e78d000-7fd15e78e000 ---p 00000000 00:00 0 
7fd15e78e000-7fd15e88e000 rw-p 00000000 00:00 0                          [stack:18900]
7fd15e88e000-7fd15e88f000 ---p 00000000 00:00 0 
7fd15e88f000-7fd15eb91000 rw-p 00000000 00:00 0                          [stack:18899]
7fd15eb91000-7fd15eb92000 ---p 00000000 00:00 0 
7fd15eb92000-7fd15ec92000 rw-p 00000000 00:00 0                          [stack:18898]
7fd15ec92000-7fd15ec93000 ---p 00000000 00:00 0 
7fd15ec93000-7fd15ed93000 rw-p 00000000 00:00 0                          [stack:18897]
7fd15ed93000-7fd15edad000 r-xp 00000000 fd:00 1062807                    /usr/java/jdk1.7.0_71/jre/lib/amd64/libzip.so
7fd15edad000-7fd15efad000 ---p 0001a000 fd:00 1062807                    /usr/java/jdk1.7.0_71/jre/lib/amd64/libzip.so
7fd15efad000-7fd15efae000 rw-p 0001a000 fd:00 1062807                    /usr/java/jdk1.7.0_71/jre/lib/amd64/libzip.so
7fd15efae000-7fd15efb9000 r-xp 00000000 fd:00 919860                     /usr/lib64/libnss_files-2.17.so
7fd15efb9000-7fd15f1b8000 ---p 0000b000 fd:00 919860                     /usr/lib64/libnss_files-2.17.so
7fd15f1b8000-7fd15f1b9000 r--p 0000a000 fd:00 919860                     /usr/lib64/libnss_files-2.17.so
7fd15f1b9000-7fd15f1ba000 rw-p 0000b000 fd:00 919860                     /usr/lib64/libnss_files-2.17.so
7fd15f1ba000-7fd15f1c0000 rw-p 00000000 00:00 0 
7fd15f1c0000-7fd15f1e9000 r-xp 00000000 fd:00 1062777                    /usr/java/jdk1.7.0_71/jre/lib/amd64/libjava.so
7fd15f1e9000-7fd15f3e9000 ---p 00029000 fd:00 1062777                    /usr/java/jdk1.7.0_71/jre/lib/amd64/libjava.so
7fd15f3e9000-7fd15f3eb000 rw-p 00029000 fd:00 1062777                    /usr/java/jdk1.7.0_71/jre/lib/amd64/libjava.so
7fd15f3eb000-7fd15f3f8000 r-xp 00000000 fd:00 1062806                    /usr/java/jdk1.7.0_71/jre/lib/amd64/libverify.so
7fd15f3f8000-7fd15f5f7000 ---p 0000d000 fd:00 1062806                    /usr/java/jdk1.7.0_71/jre/lib/amd64/libverify.so
7fd15f5f7000-7fd15f5f9000 rw-p 0000c000 fd:00 1062806                    /usr/java/jdk1.7.0_71/jre/lib/amd64/libverify.so
7fd15f5f9000-7fd15f600000 r-xp 00000000 fd:00 919872                     /usr/lib64/librt-2.17.so
7fd15f600000-7fd15f7ff000 ---p 00007000 fd:00 919872                     /usr/lib64/librt-2.17.so
7fd15f7ff000-7fd15f800000 r--p 00006000 fd:00 919872                     /usr/lib64/librt-2.17.so
7fd15f800000-7fd15f801000 rw-p 00007000 fd:00 919872                     /usr/lib64/librt-2.17.so
7fd15f801000-7fd15f902000 r-xp 00000000 fd:00 919850                     /usr/lib64/libm-2.17.so
7fd15f902000-7fd15fb01000 ---p 00101000 fd:00 919850                     /usr/lib64/libm-2.17.so
7fd15fb01000-7fd15fb02000 r--p 00100000 fd:00 919850                     /usr/lib64/libm-2.17.so
7fd15fb02000-7fd15fb03000 rw-p 00101000 fd:00 919850                     /usr/lib64/libm-2.17.so
7fd15fb03000-7fd160675000 r-xp 00000000 fd:00 1062811                    /usr/java/jdk1.7.0_71/jre/lib/amd64/server/libjvm.so
7fd160675000-7fd160874000 ---p 00b72000 fd:00 1062811                    /usr/java/jdk1.7.0_71/jre/lib/amd64/server/libjvm.so
7fd160874000-7fd160939000 rw-p 00b71000 fd:00 1062811                    /usr/java/jdk1.7.0_71/jre/lib/amd64/server/libjvm.so
7fd160939000-7fd160979000 rw-p 00000000 00:00 0 
7fd160979000-7fd160b2f000 r-xp 00000000 fd:00 919842                     /usr/lib64/libc-2.17.so
7fd160b2f000-7fd160d2f000 ---p 001b6000 fd:00 919842                     /usr/lib64/libc-2.17.so
7fd160d2f000-7fd160d33000 r--p 001b6000 fd:00 919842                     /usr/lib64/libc-2.17.so
7fd160d33000-7fd160d35000 rw-p 001ba000 fd:00 919842                     /usr/lib64/libc-2.17.so
7fd160d35000-7fd160d3a000 rw-p 00000000 00:00 0 
7fd160d3a000-7fd160d3d000 r-xp 00000000 fd:00 919848                     /usr/lib64/libdl-2.17.so
7fd160d3d000-7fd160f3c000 ---p 00003000 fd:00 919848                     /usr/lib64/libdl-2.17.so
7fd160f3c000-7fd160f3d000 r--p 00002000 fd:00 919848                     /usr/lib64/libdl-2.17.so
7fd160f3d000-7fd160f3e000 rw-p 00003000 fd:00 919848                     /usr/lib64/libdl-2.17.so
7fd160f3e000-7fd160f54000 r-xp 00000000 fd:00 1192876                    /usr/java/jdk1.7.0_71/lib/amd64/jli/libjli.so
7fd160f54000-7fd161154000 ---p 00016000 fd:00 1192876                    /usr/java/jdk1.7.0_71/lib/amd64/jli/libjli.so
7fd161154000-7fd161155000 rw-p 00016000 fd:00 1192876                    /usr/java/jdk1.7.0_71/lib/amd64/jli/libjli.so
7fd161155000-7fd16116b000 r-xp 00000000 fd:00 919868                     /usr/lib64/libpthread-2.17.so
7fd16116b000-7fd16136b000 ---p 00016000 fd:00 919868                     /usr/lib64/libpthread-2.17.so
7fd16136b000-7fd16136c000 r--p 00016000 fd:00 919868                     /usr/lib64/libpthread-2.17.so
7fd16136c000-7fd16136d000 rw-p 00017000 fd:00 919868                     /usr/lib64/libpthread-2.17.so
7fd16136d000-7fd161371000 rw-p 00000000 00:00 0 
7fd161371000-7fd161392000 r-xp 00000000 fd:00 919835                     /usr/lib64/ld-2.17.so
7fd1613b7000-7fd1613c1000 rw-p 00000000 00:00 0 
7fd1613c1000-7fd161477000 rw-p 00000000 00:00 0 
7fd161477000-7fd16147a000 ---p 00000000 00:00 0 
7fd16147a000-7fd16157c000 rw-p 00000000 00:00 0                          [stack:18896]
7fd161584000-7fd161587000 rw-p 00000000 00:00 0 
7fd161587000-7fd16158f000 rw-s 00000000 fd:00 786644                     /tmp/hsperfdata_cupid/18895
7fd16158f000-7fd161590000 rw-p 00000000 00:00 0 
7fd161590000-7fd161591000 r--p 00000000 00:00 0 
7fd161591000-7fd161592000 rw-p 00000000 00:00 0 
7fd161592000-7fd161593000 r--p 00021000 fd:00 919835                     /usr/lib64/ld-2.17.so
7fd161593000-7fd161594000 rw-p 00022000 fd:00 919835                     /usr/lib64/ld-2.17.so
7fd161594000-7fd161595000 rw-p 00000000 00:00 0 
7ffd47f33000-7ffd47f55000 rw-p 00000000 00:00 0                          [stack]
7ffd47fe9000-7ffd47feb000 r-xp 00000000 00:00 0                          [vdso]
ffffffffff600000-ffffffffff601000 r-xp 00000000 00:00 0                  [vsyscall]

VM Arguments:
jvm_args: -Xms2g -Xmx2g -Xmn1g -XX:+UseG1GC -XX:G1HeapRegionSize=16m -XX:G1ReservePercent=25 -XX:InitiatingHeapOccupancyPercent=30 -XX:SoftRefLRUPolicyMSPerMB=0 -XX:SurvivorRatio=8 -XX:+DisableExplicitGC -verbose:gc -Xloggc:/dev/shm/mq_gc_%p.log -XX:+PrintGCDetails -XX:+PrintGCDateStamps -XX:+PrintGCApplicationStoppedTime -XX:+PrintAdaptiveSizePolicy -XX:+UseGCLogFileRotation -XX:NumberOfGCLogFiles=5 -XX:GCLogFileSize=30m -XX:-OmitStackTraceInFastThrow -XX:+AlwaysPreTouch -XX:MaxDirectMemorySize=15g -XX:-UseLargePages -XX:-UseBiasedLocking -Djava.ext.dirs=/home/cupid/Downloads/incubator-rocketmq/target/apache-rocketmq-all/bin/../lib 
java_command: org.apache.rocketmq.broker.BrokerStartup -n localhost:9876
Launcher Type: SUN_STANDARD

Environment Variables:
CLASSPATH=.:/home/cupid/Downloads/incubator-rocketmq/target/apache-rocketmq-all/bin/../conf:
PATH=/usr/local/bin:/usr/local/sbin:/usr/bin:/usr/sbin:/bin:/sbin:/home/cupid/bin:/usr/local/apache-maven-3.3.9/bin:/usr/java/default/bin:/usr/java/default/jre/bin:/home/cupid/bin:/home/cupid/Downloads/qt-everywhere-opensource-src-4.8.7/bin
USERNAME=cupid
SHELL=/bin/zsh
DISPLAY=:0

Signal Handlers:
SIGSEGV: [libjvm.so+0x9a1330], sa_mask[0]=0x7ffbfeff, sa_flags=0x10000004
SIGBUS: [libjvm.so+0x9a1330], sa_mask[0]=0x7ffbfeff, sa_flags=0x10000004
SIGFPE: [libjvm.so+0x81b390], sa_mask[0]=0x7ffbfeff, sa_flags=0x10000004
SIGPIPE: [libjvm.so+0x81b390], sa_mask[0]=0x7ffbfeff, sa_flags=0x10000004
SIGXFSZ: [libjvm.so+0x81b390], sa_mask[0]=0x7ffbfeff, sa_flags=0x10000004
SIGILL: [libjvm.so+0x81b390], sa_mask[0]=0x7ffbfeff, sa_flags=0x10000004
SIGUSR1: SIG_DFL, sa_mask[0]=0x00000000, sa_flags=0x00000000
SIGUSR2: [libjvm.so+0x81cb90], sa_mask[0]=0x00000000, sa_flags=0x10000004
SIGHUP: SIG_IGN, sa_mask[0]=0x00000000, sa_flags=0x00000000
SIGINT: SIG_DFL, sa_mask[0]=0x00000000, sa_flags=0x00000000
SIGTERM: SIG_DFL, sa_mask[0]=0x00000000, sa_flags=0x00000000
SIGQUIT: SIG_DFL, sa_mask[0]=0x00000000, sa_flags=0x00000000


---------------  S Y S T E M  ---------------

OS:CentOS Linux release 7.2.1511 (Core) 

uname:Linux 3.10.0-327.el7.x86_64 #1 SMP Thu Nov 19 22:10:57 UTC 2015 x86_64
libc:glibc 2.17 NPTL 2.17 
rlimit: STACK 8192k, CORE 0k, NPROC 4096, NOFILE 4096, AS infinity
load average:0.94 3.16 2.25

/proc/meminfo:
MemTotal:        3878648 kB
MemFree:          175812 kB
MemAvailable:     610540 kB
Buffers:            4332 kB
Cached:           650576 kB
SwapCached:        81944 kB
Active:          2163264 kB
Inactive:        1317596 kB
Active(anon):    1908572 kB
Inactive(anon):  1010152 kB
Active(file):     254692 kB
Inactive(file):   307444 kB
Unevictable:          24 kB
Mlocked:              24 kB
SwapTotal:       2064380 kB
SwapFree:         564680 kB
Dirty:               812 kB
Writeback:             0 kB
AnonPages:       2744608 kB
Mapped:           122776 kB
Shmem:             92680 kB
Slab:             132344 kB
SReclaimable:      83036 kB
SUnreclaim:        49308 kB
KernelStack:       11840 kB
PageTables:        37268 kB
NFS_Unstable:          0 kB
Bounce:                0 kB
WritebackTmp:          0 kB
CommitLimit:     4003704 kB
Committed_AS:    9775244 kB
VmallocTotal:   34359738367 kB
VmallocUsed:       29224 kB
VmallocChunk:   34359680348 kB
HardwareCorrupted:     0 kB
AnonHugePages:   1085440 kB
HugePages_Total:       0
HugePages_Free:        0
HugePages_Rsvd:        0
HugePages_Surp:        0
Hugepagesize:       2048 kB
DirectMap4k:      108468 kB
DirectMap2M:     4085760 kB


CPU:total 2 (2 cores per cpu, 1 threads per core) family 6 model 58 stepping 9, cmov, cx8, fxsr, mmx, sse, sse2, sse3, ssse3, sse4.1, sse4.2, popcnt, avx, aes, erms, tsc, tscinvbit, tscinv

/proc/cpuinfo:
processor	: 0
vendor_id	: GenuineIntel
cpu family	: 6
model		: 58
model name	: Intel(R) Core(TM) i5-3210M CPU @ 2.50GHz
stepping	: 9
microcode	: 0x15
cpu MHz		: 2494.316
cache size	: 3072 KB
physical id	: 0
siblings	: 2
core id		: 0
cpu cores	: 2
apicid		: 0
initial apicid	: 0
fpu		: yes
fpu_exception	: yes
cpuid level	: 13
wp		: yes
flags		: fpu vme de pse tsc msr pae mce cx8 apic sep mtrr pge mca cmov pat pse36 clflush mmx fxsr sse sse2 ss ht syscall nx rdtscp lm constant_tsc nopl xtopology nonstop_tsc eagerfpu pni pclmulqdq ssse3 cx16 pcid sse4_1 sse4_2 x2apic popcnt tsc_deadline_timer aes xsave avx f16c rdrand hypervisor lahf_lm arat pln pts dtherm fsgsbase smep xsaveopt
bogomips	: 4988.63
clflush size	: 64
cache_alignment	: 64
address sizes	: 36 bits physical, 48 bits virtual
power management:

processor	: 1
vendor_id	: GenuineIntel
cpu family	: 6
model		: 58
model name	: Intel(R) Core(TM) i5-3210M CPU @ 2.50GHz
stepping	: 9
microcode	: 0x15
cpu MHz		: 2494.316
cache size	: 3072 KB
physical id	: 0
siblings	: 2
core id		: 1
cpu cores	: 2
apicid		: 1
initial apicid	: 1
fpu		: yes
fpu_exception	: yes
cpuid level	: 13
wp		: yes
flags		: fpu vme de pse tsc msr pae mce cx8 apic sep mtrr pge mca cmov pat pse36 clflush mmx fxsr sse sse2 ss ht syscall nx rdtscp lm constant_tsc nopl xtopology nonstop_tsc eagerfpu pni pclmulqdq ssse3 cx16 pcid sse4_1 sse4_2 x2apic popcnt tsc_deadline_timer aes xsave avx f16c rdrand hypervisor lahf_lm arat pln pts dtherm fsgsbase smep xsaveopt
bogomips	: 4988.63
clflush size	: 64
cache_alignment	: 64
address sizes	: 36 bits physical, 48 bits virtual
power management:



Memory: 4k page, physical 3878648k(175812k free), swap 2064380k(564680k free)

vm_info: Java HotSpot(TM) 64-Bit Server VM (24.71-b01) for linux-amd64 JRE (1.7.0_71-b14), built on Sep 26 2014 16:41:40 by "java_re" with gcc 4.3.0 20080428 (Red Hat 4.3.0-8)

time: Wed Apr 12 15:53:49 2017
elapsed time: 0 seconds

