#
# There is insufficient memory for the Java Runtime Environment to continue.
# Native memory allocation (malloc) failed to allocate 8589934592 bytes for committing reserved memory.
# Possible reasons:
#   The system is out of physical RAM or swap space
#   In 32 bit mode, the process size limit was hit
# Possible solutions:
#   Reduce memory load on the system
#   Increase physical memory or swap space
#   Check if swap backing store is full
#   Use 64 bit Java on a 64 bit OS
#   Decrease Java heap size (-Xmx/-Xms)
#   Decrease number of Java threads
#   Decrease Java thread stack sizes (-Xss)
#   Set larger code cache with -XX:ReservedCodeCacheSize=
# This output file may be truncated or incomplete.
#
#  Out of Memory Error (os_linux.cpp:2745), pid=6684, tid=140183720797952
#
# JRE version:  (7.0_71-b14) (build )
# Java VM: Java HotSpot(TM) 64-Bit Server VM (24.71-b01 mixed mode linux-amd64 compressed oops)
# Failed to write core dump. Core dumps have been disabled. To enable core dumping, try "ulimit -c unlimited" before starting Java again
#

---------------  T H R E A D  ---------------

Current thread (0x00007f7f08008090):  JavaThread "Unknown thread" [_thread_in_vm, id=6685, stack(0x00007f7f10d1a000,0x00007f7f10e1b000)]

Stack: [0x00007f7f10d1a000,0x00007f7f10e1b000],  sp=0x00007f7f10e19440,  free space=1021k
Native frames: (J=compiled Java code, j=interpreted, Vv=VM code, C=native code)
V  [libjvm.so+0x9a0a1a]  VMError::report_and_die()+0x2ea
V  [libjvm.so+0x4974bb]  report_vm_out_of_memory(char const*, int, unsigned long, char const*)+0x9b
V  [libjvm.so+0x81e4de]  os::Linux::commit_memory_impl(char*, unsigned long, bool)+0xfe
V  [libjvm.so+0x81ea29]  os::pd_commit_memory(char*, unsigned long, unsigned long, bool)+0x29
V  [libjvm.so+0x8187da]  os::commit_memory(char*, unsigned long, unsigned long, bool)+0x2a
V  [libjvm.so+0x99c229]  VirtualSpace::expand_by(unsigned long, bool)+0x1c9
V  [libjvm.so+0x52ba63]  G1CollectedHeap::expand(unsigned long)+0x83
V  [libjvm.so+0x532085]  G1CollectedHeap::initialize()+0x6c5
V  [libjvm.so+0x97295a]  Universe::initialize_heap()+0xca
V  [libjvm.so+0x973b29]  universe_init()+0x79
V  [libjvm.so+0x5b0f15]  init_globals()+0x65
V  [libjvm.so+0x95b47d]  Threads::create_vm(JavaVMInitArgs*, bool*)+0x1ed
V  [libjvm.so+0x6391c4]  JNI_CreateJavaVM+0x74
C  [libjli.so+0x2f8e]  JavaMain+0x9e


---------------  P R O C E S S  ---------------

Java Threads: ( => current thread )

Other Threads:

=>0x00007f7f08008090 (exited) JavaThread "Unknown thread" [_thread_in_vm, id=6685, stack(0x00007f7f10d1a000,0x00007f7f10e1b000)]

VM state:not at safepoint (not fully initialized)

VM Mutex/Monitor currently owned by a thread:  ([mutex/lock_event])
[0x00007f7f08007480] Heap_lock - owner thread: 0x00007f7f08008090

GC Heap History (0 events):
No events

Deoptimization events (0 events):
No events

Internal exceptions (0 events):
No events

Events (0 events):
No events


Dynamic libraries:
00400000-00401000 r-xp 00000000 fd:00 1057869                            /usr/java/jdk1.7.0_71/bin/java
00600000-00601000 rw-p 00000000 fd:00 1057869                            /usr/java/jdk1.7.0_71/bin/java
00c7e000-00c9f000 rw-p 00000000 00:00 0                                  [heap]
7fb000000-7fc000000 rw-p 00000000 00:00 0 
7fc000000-800000000 rw-p 00000000 00:00 0 
7f7ec8000000-7f7ec8021000 rw-p 00000000 00:00 0 
7f7ec8021000-7f7ecc000000 ---p 00000000 00:00 0 
7f7ed0000000-7f7ed0021000 rw-p 00000000 00:00 0 
7f7ed0021000-7f7ed4000000 ---p 00000000 00:00 0 
7f7ed6d54000-7f7eeffd8000 rw-p 00000000 00:00 0 
7f7eeffd8000-7f7ef0021000 rw-p 00000000 00:00 0 
7f7ef0021000-7f7ef4000000 ---p 00000000 00:00 0 
7f7ef4000000-7f7ef4021000 rw-p 00000000 00:00 0 
7f7ef4021000-7f7ef8000000 ---p 00000000 00:00 0 
7f7ef8000000-7f7ef8021000 rw-p 00000000 00:00 0 
7f7ef8021000-7f7efc000000 ---p 00000000 00:00 0 
7f7efc000000-7f7efc021000 rw-p 00000000 00:00 0 
7f7efc021000-7f7f00000000 ---p 00000000 00:00 0 
7f7f00000000-7f7f00021000 rw-p 00000000 00:00 0 
7f7f00021000-7f7f04000000 ---p 00000000 00:00 0 
7f7f04000000-7f7f05000000 rw-p 00000000 00:00 0 
7f7f05000000-7f7f05270000 rwxp 00000000 00:00 0 
7f7f05270000-7f7f0803a000 rw-p 00000000 00:00 0 
7f7f0803a000-7f7f0c000000 ---p 00000000 00:00 0 
7f7f0c280000-7f7f0c4c7000 rw-p 00000000 00:00 0 
7f7f0c4c7000-7f7f0c4c8000 ---p 00000000 00:00 0 
7f7f0c4c8000-7f7f0cbd6000 rw-p 00000000 00:00 0                          [stack:6692]
7f7f0cbd6000-7f7f0cbd7000 ---p 00000000 00:00 0 
7f7f0cbd7000-7f7f0cee6000 rw-p 00000000 00:00 0                          [stack:6691]
7f7f0cee6000-7f7f0df06000 rw-p 00000000 00:00 0 
7f7f0df06000-7f7f0df0e000 rw-p 00000000 00:00 0 
7f7f0df0e000-7f7f0df2e000 rw-p 00000000 00:00 0 
7f7f0df2e000-7f7f0df2f000 rw-p 00000000 00:00 0 
7f7f0df2f000-7f7f0df30000 ---p 00000000 00:00 0 
7f7f0df30000-7f7f0e030000 rw-p 00000000 00:00 0                          [stack:6690]
7f7f0e030000-7f7f0e031000 ---p 00000000 00:00 0 
7f7f0e031000-7f7f0e131000 rw-p 00000000 00:00 0                          [stack:6689]
7f7f0e131000-7f7f0e132000 ---p 00000000 00:00 0 
7f7f0e132000-7f7f0e434000 rw-p 00000000 00:00 0                          [stack:6688]
7f7f0e434000-7f7f0e435000 ---p 00000000 00:00 0 
7f7f0e435000-7f7f0e535000 rw-p 00000000 00:00 0                          [stack:6687]
7f7f0e535000-7f7f0e536000 ---p 00000000 00:00 0 
7f7f0e536000-7f7f0e636000 rw-p 00000000 00:00 0                          [stack:6686]
7f7f0e636000-7f7f0e650000 r-xp 00000000 fd:00 1062807                    /usr/java/jdk1.7.0_71/jre/lib/amd64/libzip.so
7f7f0e650000-7f7f0e850000 ---p 0001a000 fd:00 1062807                    /usr/java/jdk1.7.0_71/jre/lib/amd64/libzip.so
7f7f0e850000-7f7f0e851000 rw-p 0001a000 fd:00 1062807                    /usr/java/jdk1.7.0_71/jre/lib/amd64/libzip.so
7f7f0e851000-7f7f0e85c000 r-xp 00000000 fd:00 919860                     /usr/lib64/libnss_files-2.17.so
7f7f0e85c000-7f7f0ea5b000 ---p 0000b000 fd:00 919860                     /usr/lib64/libnss_files-2.17.so
7f7f0ea5b000-7f7f0ea5c000 r--p 0000a000 fd:00 919860                     /usr/lib64/libnss_files-2.17.so
7f7f0ea5c000-7f7f0ea5d000 rw-p 0000b000 fd:00 919860                     /usr/lib64/libnss_files-2.17.so
7f7f0ea5d000-7f7f0ea63000 rw-p 00000000 00:00 0 
7f7f0ea63000-7f7f0ea8c000 r-xp 00000000 fd:00 1062777                    /usr/java/jdk1.7.0_71/jre/lib/amd64/libjava.so
7f7f0ea8c000-7f7f0ec8c000 ---p 00029000 fd:00 1062777                    /usr/java/jdk1.7.0_71/jre/lib/amd64/libjava.so
7f7f0ec8c000-7f7f0ec8e000 rw-p 00029000 fd:00 1062777                    /usr/java/jdk1.7.0_71/jre/lib/amd64/libjava.so
7f7f0ec8e000-7f7f0ec9b000 r-xp 00000000 fd:00 1062806                    /usr/java/jdk1.7.0_71/jre/lib/amd64/libverify.so
7f7f0ec9b000-7f7f0ee9a000 ---p 0000d000 fd:00 1062806                    /usr/java/jdk1.7.0_71/jre/lib/amd64/libverify.so
7f7f0ee9a000-7f7f0ee9c000 rw-p 0000c000 fd:00 1062806                    /usr/java/jdk1.7.0_71/jre/lib/amd64/libverify.so
7f7f0ee9c000-7f7f0eea3000 r-xp 00000000 fd:00 919872                     /usr/lib64/librt-2.17.so
7f7f0eea3000-7f7f0f0a2000 ---p 00007000 fd:00 919872                     /usr/lib64/librt-2.17.so
7f7f0f0a2000-7f7f0f0a3000 r--p 00006000 fd:00 919872                     /usr/lib64/librt-2.17.so
7f7f0f0a3000-7f7f0f0a4000 rw-p 00007000 fd:00 919872                     /usr/lib64/librt-2.17.so
7f7f0f0a4000-7f7f0f1a5000 r-xp 00000000 fd:00 919850                     /usr/lib64/libm-2.17.so
7f7f0f1a5000-7f7f0f3a4000 ---p 00101000 fd:00 919850                     /usr/lib64/libm-2.17.so
7f7f0f3a4000-7f7f0f3a5000 r--p 00100000 fd:00 919850                     /usr/lib64/libm-2.17.so
7f7f0f3a5000-7f7f0f3a6000 rw-p 00101000 fd:00 919850                     /usr/lib64/libm-2.17.so
7f7f0f3a6000-7f7f0ff18000 r-xp 00000000 fd:00 1062811                    /usr/java/jdk1.7.0_71/jre/lib/amd64/server/libjvm.so
7f7f0ff18000-7f7f10117000 ---p 00b72000 fd:00 1062811                    /usr/java/jdk1.7.0_71/jre/lib/amd64/server/libjvm.so
7f7f10117000-7f7f101dc000 rw-p 00b71000 fd:00 1062811                    /usr/java/jdk1.7.0_71/jre/lib/amd64/server/libjvm.so
7f7f101dc000-7f7f1021c000 rw-p 00000000 00:00 0 
7f7f1021c000-7f7f103d2000 r-xp 00000000 fd:00 919842                     /usr/lib64/libc-2.17.so
7f7f103d2000-7f7f105d2000 ---p 001b6000 fd:00 919842                     /usr/lib64/libc-2.17.so
7f7f105d2000-7f7f105d6000 r--p 001b6000 fd:00 919842                     /usr/lib64/libc-2.17.so
7f7f105d6000-7f7f105d8000 rw-p 001ba000 fd:00 919842                     /usr/lib64/libc-2.17.so
7f7f105d8000-7f7f105dd000 rw-p 00000000 00:00 0 
7f7f105dd000-7f7f105e0000 r-xp 00000000 fd:00 919848                     /usr/lib64/libdl-2.17.so
7f7f105e0000-7f7f107df000 ---p 00003000 fd:00 919848                     /usr/lib64/libdl-2.17.so
7f7f107df000-7f7f107e0000 r--p 00002000 fd:00 919848                     /usr/lib64/libdl-2.17.so
7f7f107e0000-7f7f107e1000 rw-p 00003000 fd:00 919848                     /usr/lib64/libdl-2.17.so
7f7f107e1000-7f7f107f7000 r-xp 00000000 fd:00 1192876                    /usr/java/jdk1.7.0_71/lib/amd64/jli/libjli.so
7f7f107f7000-7f7f109f7000 ---p 00016000 fd:00 1192876                    /usr/java/jdk1.7.0_71/lib/amd64/jli/libjli.so
7f7f109f7000-7f7f109f8000 rw-p 00016000 fd:00 1192876                    /usr/java/jdk1.7.0_71/lib/amd64/jli/libjli.so
7f7f109f8000-7f7f10a0e000 r-xp 00000000 fd:00 919868                     /usr/lib64/libpthread-2.17.so
7f7f10a0e000-7f7f10c0e000 ---p 00016000 fd:00 919868                     /usr/lib64/libpthread-2.17.so
7f7f10c0e000-7f7f10c0f000 r--p 00016000 fd:00 919868                     /usr/lib64/libpthread-2.17.so
7f7f10c0f000-7f7f10c10000 rw-p 00017000 fd:00 919868                     /usr/lib64/libpthread-2.17.so
7f7f10c10000-7f7f10c14000 rw-p 00000000 00:00 0 
7f7f10c14000-7f7f10c35000 r-xp 00000000 fd:00 919835                     /usr/lib64/ld-2.17.so
7f7f10c5a000-7f7f10c64000 rw-p 00000000 00:00 0 
7f7f10c64000-7f7f10d1a000 rw-p 00000000 00:00 0 
7f7f10d1a000-7f7f10d1d000 ---p 00000000 00:00 0 
7f7f10d1d000-7f7f10e1f000 rw-p 00000000 00:00 0                          [stack:6685]
7f7f10e27000-7f7f10e2a000 rw-p 00000000 00:00 0 
7f7f10e2a000-7f7f10e32000 rw-s 00000000 fd:00 786609                     /tmp/hsperfdata_cupid/6684
7f7f10e32000-7f7f10e33000 rw-p 00000000 00:00 0 
7f7f10e33000-7f7f10e34000 r--p 00000000 00:00 0 
7f7f10e34000-7f7f10e35000 rw-p 00000000 00:00 0 
7f7f10e35000-7f7f10e36000 r--p 00021000 fd:00 919835                     /usr/lib64/ld-2.17.so
7f7f10e36000-7f7f10e37000 rw-p 00022000 fd:00 919835                     /usr/lib64/ld-2.17.so
7f7f10e37000-7f7f10e38000 rw-p 00000000 00:00 0 
7ffe0b461000-7ffe0b483000 rw-p 00000000 00:00 0                          [stack]
7ffe0b58e000-7ffe0b590000 r-xp 00000000 00:00 0                          [vdso]
ffffffffff600000-ffffffffff601000 r-xp 00000000 00:00 0                  [vsyscall]

VM Arguments:
jvm_args: -Xms8g -Xmx8g -Xmn4g -XX:+UseG1GC -XX:G1HeapRegionSize=16m -XX:G1ReservePercent=25 -XX:InitiatingHeapOccupancyPercent=30 -XX:SoftRefLRUPolicyMSPerMB=0 -XX:SurvivorRatio=8 -XX:+DisableExplicitGC -verbose:gc -Xloggc:/dev/shm/mq_gc_%p.log -XX:+PrintGCDetails -XX:+PrintGCDateStamps -XX:+PrintGCApplicationStoppedTime -XX:+PrintAdaptiveSizePolicy -XX:+UseGCLogFileRotation -XX:NumberOfGCLogFiles=5 -XX:GCLogFileSize=30m -XX:-OmitStackTraceInFastThrow -XX:+AlwaysPreTouch -XX:MaxDirectMemorySize=15g -XX:-UseLargePages -XX:-UseBiasedLocking -Djava.ext.dirs=/home/cupid/Downloads/incubator-rocketmq/target/apache-rocketmq-all/bin/../lib 
java_command: org.apache.rocketmq.broker.BrokerStartup -n localhost:9876
Launcher Type: SUN_STANDARD

Environment Variables:
CLASSPATH=.:/home/cupid/Downloads/incubator-rocketmq/target/apache-rocketmq-all/bin/../conf:
PATH=/usr/local/bin:/usr/local/sbin:/usr/bin:/usr/sbin:/bin:/sbin:/home/cupid/bin:/usr/local/apache-maven-3.3.9/bin:/usr/java/default/bin:/usr/java/default/jre/bin:/home/cupid/bin:/home/cupid/Downloads/qt-everywhere-opensource-src-4.8.7/bin
USERNAME=cupid
SHELL=/bin/zsh
DISPLAY=:0

Signal Handlers:
SIGSEGV: [libjvm.so+0x9a1330], sa_mask[0]=0x7ffbfeff, sa_flags=0x10000004
SIGBUS: [libjvm.so+0x9a1330], sa_mask[0]=0x7ffbfeff, sa_flags=0x10000004
SIGFPE: [libjvm.so+0x81b390], sa_mask[0]=0x7ffbfeff, sa_flags=0x10000004
SIGPIPE: [libjvm.so+0x81b390], sa_mask[0]=0x7ffbfeff, sa_flags=0x10000004
SIGXFSZ: [libjvm.so+0x81b390], sa_mask[0]=0x7ffbfeff, sa_flags=0x10000004
SIGILL: [libjvm.so+0x81b390], sa_mask[0]=0x7ffbfeff, sa_flags=0x10000004
SIGUSR1: SIG_DFL, sa_mask[0]=0x00000000, sa_flags=0x00000000
SIGUSR2: [libjvm.so+0x81cb90], sa_mask[0]=0x00000000, sa_flags=0x10000004
SIGHUP: SIG_IGN, sa_mask[0]=0x00000000, sa_flags=0x00000000
SIGINT: SIG_DFL, sa_mask[0]=0x00000000, sa_flags=0x00000000
SIGTERM: SIG_DFL, sa_mask[0]=0x00000000, sa_flags=0x00000000
SIGQUIT: SIG_DFL, sa_mask[0]=0x00000000, sa_flags=0x00000000


---------------  S Y S T E M  ---------------

OS:CentOS Linux release 7.2.1511 (Core) 

uname:Linux 3.10.0-327.el7.x86_64 #1 SMP Thu Nov 19 22:10:57 UTC 2015 x86_64
libc:glibc 2.17 NPTL 2.17 
rlimit: STACK 8192k, CORE 0k, NPROC 4096, NOFILE 4096, AS infinity
load average:7.93 4.86 2.04

/proc/meminfo:
MemTotal:        3878648 kB
MemFree:         1309368 kB
MemAvailable:    2304948 kB
Buffers:           74264 kB
Cached:          1057712 kB
SwapCached:            0 kB
Active:          1562548 kB
Inactive:         763488 kB
Active(anon):    1194428 kB
Inactive(anon):    26684 kB
Active(file):     368120 kB
Inactive(file):   736804 kB
Unevictable:          24 kB
Mlocked:              24 kB
SwapTotal:       2064380 kB
SwapFree:        2064380 kB
Dirty:             17364 kB
Writeback:             0 kB
AnonPages:       1116340 kB
Mapped:           180184 kB
Shmem:             27092 kB
Slab:             164532 kB
SReclaimable:     119168 kB
SUnreclaim:        45364 kB
KernelStack:        8736 kB
PageTables:        27904 kB
NFS_Unstable:          0 kB
Bounce:                0 kB
WritebackTmp:          0 kB
CommitLimit:     4003704 kB
Committed_AS:    8423012 kB
VmallocTotal:   34359738367 kB
VmallocUsed:       29224 kB
VmallocChunk:   34359704812 kB
HardwareCorrupted:     0 kB
AnonHugePages:    356352 kB
HugePages_Total:       0
HugePages_Free:        0
HugePages_Rsvd:        0
HugePages_Surp:        0
Hugepagesize:       2048 kB
DirectMap4k:       92084 kB
DirectMap2M:     4102144 kB


CPU:total 2 (2 cores per cpu, 1 threads per core) family 6 model 58 stepping 9, cmov, cx8, fxsr, mmx, sse, sse2, sse3, ssse3, sse4.1, sse4.2, popcnt, avx, aes, erms, tsc, tscinvbit, tscinv

/proc/cpuinfo:
processor	: 0
vendor_id	: GenuineIntel
cpu family	: 6
model		: 58
model name	: Intel(R) Core(TM) i5-3210M CPU @ 2.50GHz
stepping	: 9
microcode	: 0x15
cpu MHz		: 2494.316
cache size	: 3072 KB
physical id	: 0
siblings	: 2
core id		: 0
cpu cores	: 2
apicid		: 0
initial apicid	: 0
fpu		: yes
fpu_exception	: yes
cpuid level	: 13
wp		: yes
flags		: fpu vme de pse tsc msr pae mce cx8 apic sep mtrr pge mca cmov pat pse36 clflush mmx fxsr sse sse2 ss ht syscall nx rdtscp lm constant_tsc nopl xtopology nonstop_tsc eagerfpu pni pclmulqdq ssse3 cx16 pcid sse4_1 sse4_2 x2apic popcnt tsc_deadline_timer aes xsave avx f16c rdrand hypervisor lahf_lm arat pln pts dtherm fsgsbase smep xsaveopt
bogomips	: 4988.63
clflush size	: 64
cache_alignment	: 64
address sizes	: 36 bits physical, 48 bits virtual
power management:

processor	: 1
vendor_id	: GenuineIntel
cpu family	: 6
model		: 58
model name	: Intel(R) Core(TM) i5-3210M CPU @ 2.50GHz
stepping	: 9
microcode	: 0x15
cpu MHz		: 2494.316
cache size	: 3072 KB
physical id	: 0
siblings	: 2
core id		: 1
cpu cores	: 2
apicid		: 1
initial apicid	: 1
fpu		: yes
fpu_exception	: yes
cpuid level	: 13
wp		: yes
flags		: fpu vme de pse tsc msr pae mce cx8 apic sep mtrr pge mca cmov pat pse36 clflush mmx fxsr sse sse2 ss ht syscall nx rdtscp lm constant_tsc nopl xtopology nonstop_tsc eagerfpu pni pclmulqdq ssse3 cx16 pcid sse4_1 sse4_2 x2apic popcnt tsc_deadline_timer aes xsave avx f16c rdrand hypervisor lahf_lm arat pln pts dtherm fsgsbase smep xsaveopt
bogomips	: 4988.63
clflush size	: 64
cache_alignment	: 64
address sizes	: 36 bits physical, 48 bits virtual
power management:



Memory: 4k page, physical 3878648k(1309368k free), swap 2064380k(2064380k free)

vm_info: Java HotSpot(TM) 64-Bit Server VM (24.71-b01) for linux-amd64 JRE (1.7.0_71-b14), built on Sep 26 2014 16:41:40 by "java_re" with gcc 4.3.0 20080428 (Red Hat 4.3.0-8)

time: Sat Apr  8 16:27:48 2017
elapsed time: 0 seconds

